2025-06-13 14:18:14,586 [INFO] Activator:176 - 


2025-06-13 14:18:14,594 [INFO] Activator:177 - !SESSION log4j initialized
2025-06-13 14:18:25,064 [INFO] LogOutputStream:77 - [STDOUT_REDIRECT] 
2025-06-13 14:18:37,902 [INFO] ApplicationProperties:184 - Using Application install path: C:\ST\STM32CubeIDE_1.15.1\STM32CubeIDE\plugins\com.st.stm32cube.common.mx_6.11.1.202404110753
2025-06-13 14:18:37,925 [INFO] DbMcusXml:78 - Set database path to: C:\ST\STM32CubeIDE_1.15.1\STM32CubeIDE\plugins\com.st.stm32cube.common.mx_6.11.1.202404110753\\db\/mcu/
2025-06-13 14:18:37,925 [INFO] ApiDb:274 - Set plugin database path to: C:\ST\STM32CubeIDE_1.15.1\STM32CubeIDE\plugins\com.st.stm32cube.common.mx_6.11.1.202404110753\\db\/plugins/boardmanager/
2025-06-13 14:18:37,926 [WARN] ApiDb:259 - Overriding images path with different value:  => C:\ST\STM32CubeIDE_1.15.1\STM32CubeIDE\plugins\com.st.stm32cube.common.mx_6.11.1.202404110753\\db\/plugins/mcufinder/images/
2025-06-13 14:18:37,938 [INFO] ApiDb:250 - Set database path to: C:\Users\PROGRAM\.stmcufinder\plugins\mcufinder//mcu/
2025-06-13 14:18:37,940 [INFO] DbMcusAds:125 - Set database path to: C:\Users\PROGRAM\.stmcufinder\plugins\mcufinder//mcu/
2025-06-13 14:18:37,944 [INFO] CrossReferenceDbSqlite:203 - Set database path to: C:\Users\PROGRAM\.stmcufinder\plugins\mcufinder//mcu/cs/
2025-06-13 14:18:38,197 [INFO] RulesReader:64 - Compatibility file has been processed (297 Rules)
2025-06-13 14:18:38,338 [INFO] DbMcusXml:78 - Set database path to: C:\ST\STM32CubeIDE_1.15.1\STM32CubeIDE\plugins\com.st.stm32cube.common.mx_6.11.1.202404110753\\db\/mcu/
2025-06-13 14:18:38,338 [INFO] ApiDb:274 - Set plugin database path to: C:\ST\STM32CubeIDE_1.15.1\STM32CubeIDE\plugins\com.st.stm32cube.common.mx_6.11.1.202404110753\\db\/plugins/boardmanager/
2025-06-13 14:18:38,339 [INFO] ApiDb:261 - Set plugin images path to: C:\ST\STM32CubeIDE_1.15.1\STM32CubeIDE\plugins\com.st.stm32cube.common.mx_6.11.1.202404110753\\db\/plugins/mcufinder/images/
2025-06-13 14:18:38,339 [WARN] DbFile:41 - Overriding database path with different value: C:\Users\PROGRAM\.stmcufinder\plugins\mcufinder/ => C:\Users\PROGRAM\.stmcufinder\plugins\mcufinder
2025-06-13 14:18:38,339 [INFO] ApiDb:250 - Set database path to: C:\Users\PROGRAM\.stmcufinder\plugins\mcufinder//mcu/
2025-06-13 14:18:38,340 [WARN] DbFile:41 - Overriding database path with different value: C:\Users\PROGRAM\.stmcufinder\plugins\mcufinder/ => C:\Users\PROGRAM\.stmcufinder\plugins\mcufinder
2025-06-13 14:18:38,340 [INFO] DbMcusAds:125 - Set database path to: C:\Users\PROGRAM\.stmcufinder\plugins\mcufinder//mcu/
2025-06-13 14:18:38,340 [WARN] DbFile:41 - Overriding database path with different value: C:\Users\PROGRAM\.stmcufinder\plugins\mcufinder/ => C:\Users\PROGRAM\.stmcufinder\plugins\mcufinder
2025-06-13 14:18:38,340 [WARN] DbFile:41 - Overriding database path with different value: C:\Users\PROGRAM\.stmcufinder\plugins\mcufinder/ => C:\Users\PROGRAM\.stmcufinder\plugins\mcufinder
2025-06-13 14:18:38,340 [INFO] CrossReferenceDbSqlite:203 - Set database path to: C:\Users\PROGRAM\.stmcufinder\plugins\mcufinder//mcu/cs/
2025-06-13 14:18:38,469 [INFO] MainPanel:264 - HeapMemory: 268435456
2025-06-13 14:18:38,623 [INFO] DbMcusXml:78 - Set database path to: C:\ST\STM32CubeIDE_1.15.1\STM32CubeIDE\plugins\com.st.stm32cube.common.mx_6.11.1.202404110753\\db\/mcu/
2025-06-13 14:18:38,623 [INFO] ApiDb:274 - Set plugin database path to: C:\ST\STM32CubeIDE_1.15.1\STM32CubeIDE\plugins\com.st.stm32cube.common.mx_6.11.1.202404110753\\db\/plugins/boardmanager/
2025-06-13 14:18:38,623 [INFO] ApiDb:261 - Set plugin images path to: C:\ST\STM32CubeIDE_1.15.1\STM32CubeIDE\plugins\com.st.stm32cube.common.mx_6.11.1.202404110753\\db\/plugins/mcufinder/images/
2025-06-13 14:18:38,624 [WARN] DbFile:41 - Overriding database path with different value: C:\Users\PROGRAM\.stmcufinder\plugins\mcufinder/ => C:\Users\PROGRAM\.stmcufinder\plugins\mcufinder
2025-06-13 14:18:38,624 [INFO] ApiDb:250 - Set database path to: C:\Users\PROGRAM\.stmcufinder\plugins\mcufinder//mcu/
2025-06-13 14:18:38,624 [WARN] DbFile:41 - Overriding database path with different value: C:\Users\PROGRAM\.stmcufinder\plugins\mcufinder/ => C:\Users\PROGRAM\.stmcufinder\plugins\mcufinder
2025-06-13 14:18:38,624 [INFO] DbMcusAds:125 - Set database path to: C:\Users\PROGRAM\.stmcufinder\plugins\mcufinder//mcu/
2025-06-13 14:18:38,624 [WARN] DbFile:41 - Overriding database path with different value: C:\Users\PROGRAM\.stmcufinder\plugins\mcufinder/ => C:\Users\PROGRAM\.stmcufinder\plugins\mcufinder
2025-06-13 14:18:38,624 [WARN] DbFile:41 - Overriding database path with different value: C:\Users\PROGRAM\.stmcufinder\plugins\mcufinder/ => C:\Users\PROGRAM\.stmcufinder\plugins\mcufinder
2025-06-13 14:18:38,624 [INFO] CrossReferenceDbSqlite:203 - Set database path to: C:\Users\PROGRAM\.stmcufinder\plugins\mcufinder//mcu/cs/
2025-06-13 14:18:38,650 [INFO] ApplicationProperties:184 - Using Application install path: C:\ST\STM32CubeIDE_1.15.1\STM32CubeIDE\plugins\com.st.stm32cube.common.mx_6.11.1.202404110753
2025-06-13 14:18:38,652 [INFO] PluginManage:196 - Search for loadable plugins [exclusion list=, ]
2025-06-13 14:18:38,655 [INFO] PluginManage:310 - Check plugin analytics
2025-06-13 14:18:43,882 [INFO] AnalyticsPlugin:253 - Accepted Software Licenses: 
2025-06-13 14:18:43,882 [INFO] AnalyticsPlugin:255 - Accepted CMSIS Pack Licenses: 
2025-06-13 14:18:43,883 [INFO] AnalyticsPlugin:257 - Accepted Firmware Licenses: FW.F4.1.28.0,FW.L4.1.18.0
2025-06-13 14:18:43,890 [INFO] PluginManage:359 - Loaded plugin analytics (category:tool,tabindex:-1)
2025-06-13 14:18:43,892 [INFO] PluginManage:310 - Check plugin cadmodel
2025-06-13 14:18:43,925 [INFO] CADModel:105 - Init CAD model plugin
2025-06-13 14:18:43,925 [INFO] PluginManage:359 - Loaded plugin cadmodel (category:power,tabindex:5)
2025-06-13 14:18:43,926 [INFO] PluginManage:310 - Check plugin clock
2025-06-13 14:18:43,958 [INFO] PluginManage:359 - Loaded plugin clock (category:base,tabindex:2)
2025-06-13 14:18:43,958 [INFO] PluginManage:310 - Check plugin ddr
2025-06-13 14:18:43,961 [INFO] PluginManage:359 - Loaded plugin ddr (category:tool,tabindex:6)
2025-06-13 14:18:43,962 [INFO] PluginManage:310 - Check plugin filemanager
2025-06-13 14:18:44,199 [INFO] PluginManage:359 - Loaded plugin filemanager (category:base,tabindex:10)
2025-06-13 14:18:44,200 [INFO] PluginManage:310 - Check plugin ipmanager
2025-06-13 14:18:44,215 [INFO] PluginManage:359 - Loaded plugin ipmanager (category:base,tabindex:5)
2025-06-13 14:18:44,215 [INFO] PluginManage:310 - Check plugin lpbam
2025-06-13 14:18:44,239 [INFO] PluginManage:359 - Loaded plugin lpbam (category:base,tabindex:0)
2025-06-13 14:18:44,240 [INFO] PluginManage:310 - Check plugin memorymap
2025-06-13 14:18:44,270 [INFO] PluginManage:359 - Loaded plugin memorymap (category:base,tabindex:4)
2025-06-13 14:18:44,270 [INFO] PluginManage:310 - Check plugin pinoutandconfiguration
2025-06-13 14:18:44,298 [INFO] PluginManage:359 - Loaded plugin pinoutandconfiguration (category:base,tabindex:1)
2025-06-13 14:18:44,298 [INFO] PluginManage:310 - Check plugin pinoutconfig
2025-06-13 14:18:44,447 [WARN] SupportedApi:132 - Cannot load RTOS API schema: s4s-elt-must-match.1: The content of 'definitions' must match (annotation?, (simpleType | complexType)?, (unique | key | keyref)*)). A problem was found starting at: attribute.
2025-06-13 14:18:44,620 [INFO] PluginManage:359 - Loaded plugin pinoutconfig (category:base,tabindex:0)
2025-06-13 14:18:44,620 [INFO] PluginManage:310 - Check plugin power
2025-06-13 14:18:44,657 [INFO] PluginManage:359 - Loaded plugin power (category:power,tabindex:4)
2025-06-13 14:18:44,658 [INFO] PluginManage:310 - Check plugin projectmanager
2025-06-13 14:18:44,678 [INFO] PluginManage:359 - Loaded plugin projectmanager (category:projectmanager,tabindex:3)
2025-06-13 14:18:44,678 [INFO] PluginManage:310 - Check plugin thirdparty
2025-06-13 14:18:45,009 [INFO] PluginManage:359 - Loaded plugin thirdparty (category:base,tabindex:-1)
2025-06-13 14:18:45,009 [WARN] IntegrityCheckThread:84 - waiting for thirdparty lock release [integrity check]
2025-06-13 14:18:45,009 [INFO] PluginManage:310 - Check plugin tools
2025-06-13 14:18:45,010 [INFO] IntegrityCheckThread:86 - entering critical section [integrity check]
2025-06-13 14:18:45,010 [INFO] ThirdPartyUpdaterWithRetryManager:70 - Updater plugin not ready yet. [1/15]
2025-06-13 14:18:45,024 [INFO] PluginManage:359 - Loaded plugin tools (category:base,tabindex:7)
2025-06-13 14:18:45,024 [INFO] PluginManage:310 - Check plugin tutovideos
2025-06-13 14:18:45,447 [INFO] PluginManage:359 - Loaded plugin tutovideos (category:base,tabindex:-1)
2025-06-13 14:18:45,447 [INFO] PluginManage:310 - Check plugin updater
2025-06-13 14:18:45,467 [INFO] PluginManage:359 - Loaded plugin updater (category:base,tabindex:12)
2025-06-13 14:18:45,467 [INFO] PluginManage:310 - Check plugin userauth
2025-06-13 14:18:45,474 [INFO] UserAuth:114 - Init User Auth plugin
2025-06-13 14:18:45,474 [INFO] PluginManage:359 - Loaded plugin userauth (category:base,tabindex:14)
2025-06-13 14:18:45,474 [INFO] PluginManage:283 - PluginManage : Loaded plugins [17]
2025-06-13 14:18:45,775 [INFO] PinOutPanel:1561 - setPackage(No Configuration,No Configuration)
2025-06-13 14:18:45,891 [INFO] CADModel:165 - CPN selected for project level
2025-06-13 14:18:45,891 [INFO] CADModel:114 - Register for checkConnection events
2025-06-13 14:18:45,921 [INFO] IPUIPlugin:80 - create IPUIPlugin
2025-06-13 14:18:45,921 [INFO] PluginManager:220 - loadIPPluginJar : add adc
2025-06-13 14:18:45,932 [INFO] IPUIPlugin:80 - create IPUIPlugin
2025-06-13 14:18:45,932 [INFO] PluginManager:220 - loadIPPluginJar : add aes
2025-06-13 14:18:45,947 [INFO] IPUIPlugin:80 - create IPUIPlugin
2025-06-13 14:18:45,947 [INFO] PluginManager:220 - loadIPPluginJar : add can
2025-06-13 14:18:45,958 [INFO] IPUIPlugin:80 - create IPUIPlugin
2025-06-13 14:18:45,959 [INFO] PluginManager:220 - loadIPPluginJar : add comp
2025-06-13 14:18:45,972 [INFO] IPUIPlugin:80 - create IPUIPlugin
2025-06-13 14:18:45,973 [INFO] PluginManager:220 - loadIPPluginJar : add cryp
2025-06-13 14:18:45,982 [INFO] IPUIPlugin:80 - create IPUIPlugin
2025-06-13 14:18:45,982 [INFO] PluginManager:220 - loadIPPluginJar : add dfsdm
2025-06-13 14:18:45,999 [INFO] IPUIPlugin:80 - create IPUIPlugin
2025-06-13 14:18:46,000 [INFO] PluginManager:220 - loadIPPluginJar : add dma
2025-06-13 14:18:46,010 [INFO] IPUIPlugin:80 - create IPUIPlugin
2025-06-13 14:18:46,010 [INFO] PluginManager:220 - loadIPPluginJar : add dma3
2025-06-13 14:18:46,022 [INFO] IPUIPlugin:80 - create IPUIPlugin
2025-06-13 14:18:46,022 [INFO] PluginManager:220 - loadIPPluginJar : add extmemmanager
2025-06-13 14:18:46,029 [INFO] IPUIPlugin:80 - create IPUIPlugin
2025-06-13 14:18:46,029 [INFO] PluginManager:220 - loadIPPluginJar : add fatfs
2025-06-13 14:18:46,043 [INFO] IPUIPlugin:80 - create IPUIPlugin
2025-06-13 14:18:46,044 [INFO] PluginManager:220 - loadIPPluginJar : add fmc
2025-06-13 14:18:46,064 [INFO] IPUIPlugin:80 - create IPUIPlugin
2025-06-13 14:18:46,064 [INFO] PluginManager:220 - loadIPPluginJar : add freertos
2025-06-13 14:18:46,071 [INFO] IPUIPlugin:80 - create IPUIPlugin
2025-06-13 14:18:46,071 [INFO] PluginManager:220 - loadIPPluginJar : add genericplugin
2025-06-13 14:18:46,081 [INFO] IPUIPlugin:80 - create IPUIPlugin
2025-06-13 14:18:46,081 [INFO] PluginManager:220 - loadIPPluginJar : add gfxmmu
2025-06-13 14:18:46,200 [INFO] IPUIPlugin:80 - create IPUIPlugin
2025-06-13 14:18:46,201 [INFO] PluginManager:220 - loadIPPluginJar : add gic
2025-06-13 14:18:46,221 [INFO] IPUIPlugin:80 - create IPUIPlugin
2025-06-13 14:18:46,221 [INFO] PluginManager:220 - loadIPPluginJar : add gpio
2025-06-13 14:18:46,235 [INFO] IPUIPlugin:80 - create IPUIPlugin
2025-06-13 14:18:46,235 [INFO] PluginManager:220 - loadIPPluginJar : add gtzc
2025-06-13 14:18:46,244 [INFO] IPUIPlugin:80 - create IPUIPlugin
2025-06-13 14:18:46,245 [INFO] PluginManager:220 - loadIPPluginJar : add hash
2025-06-13 14:18:46,256 [INFO] IPUIPlugin:80 - create IPUIPlugin
2025-06-13 14:18:46,256 [INFO] PluginManager:220 - loadIPPluginJar : add i2c
2025-06-13 14:18:46,269 [INFO] IPUIPlugin:80 - create IPUIPlugin
2025-06-13 14:18:46,269 [INFO] PluginManager:220 - loadIPPluginJar : add i2s
2025-06-13 14:18:46,282 [INFO] IPUIPlugin:80 - create IPUIPlugin
2025-06-13 14:18:46,282 [INFO] PluginManager:220 - loadIPPluginJar : add i3c
2025-06-13 14:18:46,295 [INFO] IPUIPlugin:80 - create IPUIPlugin
2025-06-13 14:18:46,296 [INFO] PluginManager:220 - loadIPPluginJar : add ipddr
2025-06-13 14:18:46,314 [INFO] IPUIPlugin:80 - create IPUIPlugin
2025-06-13 14:18:46,315 [INFO] PluginManager:220 - loadIPPluginJar : add linkedlist
2025-06-13 14:18:46,325 [INFO] IPUIPlugin:80 - create IPUIPlugin
2025-06-13 14:18:46,326 [INFO] PluginManager:220 - loadIPPluginJar : add lorawan
2025-06-13 14:18:46,335 [INFO] IPUIPlugin:80 - create IPUIPlugin
2025-06-13 14:18:46,335 [INFO] PluginManager:220 - loadIPPluginJar : add ltdc
2025-06-13 14:18:46,351 [INFO] IPUIPlugin:80 - create IPUIPlugin
2025-06-13 14:18:46,351 [INFO] PluginManager:220 - loadIPPluginJar : add mdma
2025-06-13 14:18:46,364 [INFO] IPUIPlugin:80 - create IPUIPlugin
2025-06-13 14:18:46,365 [INFO] PluginManager:220 - loadIPPluginJar : add nvic
2025-06-13 14:18:46,375 [INFO] IPUIPlugin:80 - create IPUIPlugin
2025-06-13 14:18:46,376 [INFO] PluginManager:220 - loadIPPluginJar : add opamp
2025-06-13 14:18:46,388 [INFO] IPUIPlugin:80 - create IPUIPlugin
2025-06-13 14:18:46,388 [INFO] PluginManager:220 - loadIPPluginJar : add openamp
2025-06-13 14:18:46,399 [INFO] IPUIPlugin:80 - create IPUIPlugin
2025-06-13 14:18:46,399 [INFO] PluginManager:220 - loadIPPluginJar : add pdm2pcm
2025-06-13 14:18:46,417 [INFO] IPUIPlugin:80 - create IPUIPlugin
2025-06-13 14:18:46,420 [INFO] PluginManager:220 - loadIPPluginJar : add plateformsettings
2025-06-13 14:18:46,427 [INFO] IPUIPlugin:80 - create IPUIPlugin
2025-06-13 14:18:46,427 [INFO] PluginManager:220 - loadIPPluginJar : add quadspi
2025-06-13 14:18:46,445 [INFO] IPUIPlugin:80 - create IPUIPlugin
2025-06-13 14:18:46,445 [INFO] PluginManager:220 - loadIPPluginJar : add resmgrutility
2025-06-13 14:18:46,458 [INFO] IPUIPlugin:80 - create IPUIPlugin
2025-06-13 14:18:46,458 [INFO] PluginManager:220 - loadIPPluginJar : add sai
2025-06-13 14:18:46,470 [INFO] IPUIPlugin:80 - create IPUIPlugin
2025-06-13 14:18:46,471 [INFO] PluginManager:220 - loadIPPluginJar : add spi
2025-06-13 14:18:46,488 [INFO] IPUIPlugin:80 - create IPUIPlugin
2025-06-13 14:18:46,488 [INFO] PluginManager:220 - loadIPPluginJar : add stm32_wpan
2025-06-13 14:18:46,495 [INFO] IPUIPlugin:80 - create IPUIPlugin
2025-06-13 14:18:46,495 [INFO] PluginManager:220 - loadIPPluginJar : add tim
2025-06-13 14:18:46,508 [INFO] IPUIPlugin:80 - create IPUIPlugin
2025-06-13 14:18:46,509 [INFO] PluginManager:220 - loadIPPluginJar : add touchsensing
2025-06-13 14:18:46,517 [INFO] IPUIPlugin:80 - create IPUIPlugin
2025-06-13 14:18:46,517 [INFO] PluginManager:220 - loadIPPluginJar : add tracer_emb
2025-06-13 14:18:46,525 [INFO] IPUIPlugin:80 - create IPUIPlugin
2025-06-13 14:18:46,525 [INFO] PluginManager:220 - loadIPPluginJar : add ts
2025-06-13 14:18:46,533 [INFO] IPUIPlugin:80 - create IPUIPlugin
2025-06-13 14:18:46,533 [INFO] PluginManager:220 - loadIPPluginJar : add tsc
2025-06-13 14:18:46,540 [INFO] IPUIPlugin:80 - create IPUIPlugin
2025-06-13 14:18:46,541 [INFO] PluginManager:220 - loadIPPluginJar : add ucpd
2025-06-13 14:18:46,555 [INFO] IPUIPlugin:80 - create IPUIPlugin
2025-06-13 14:18:46,555 [INFO] PluginManager:220 - loadIPPluginJar : add usart
2025-06-13 14:18:46,570 [INFO] IPUIPlugin:80 - create IPUIPlugin
2025-06-13 14:18:46,570 [INFO] PluginManager:220 - loadIPPluginJar : add usbx
2025-06-13 14:18:46,727 [INFO] CADModel:165 - CPN selected for project level
2025-06-13 14:18:46,728 [INFO] CADModel:114 - Register for checkConnection events
2025-06-13 14:18:46,728 [FATAL] Updater:308 - Updater called before beeing initialized
2025-06-13 14:18:46,728 [ERROR] CADModel:125 - Updater not yet initialized, retry later 
2025-06-13 14:18:46,939 [INFO] CADModel:165 - CPN selected for project level
2025-06-13 14:18:46,939 [INFO] CADModel:114 - Register for checkConnection events
2025-06-13 14:18:46,939 [FATAL] Updater:308 - Updater called before beeing initialized
2025-06-13 14:18:46,939 [ERROR] CADModel:125 - Updater not yet initialized, retry later 
2025-06-13 14:18:46,943 [FATAL] Updater:308 - Updater called before beeing initialized
2025-06-13 14:18:47,109 [FATAL] Updater:308 - Updater called before beeing initialized
2025-06-13 14:18:47,117 [INFO] DbMcusAds:53 - JSON generation date=Wed May 07 18:07:55 KST 2025 (1746608875484)
2025-06-13 14:18:47,117 [FATAL] Updater:308 - Updater called before beeing initialized
2025-06-13 14:18:47,175 [WARN] DetailPanel:346 - Failed to get advertising image, set to default
2025-06-13 14:18:47,299 [FATAL] Updater:308 - Updater called before beeing initialized
2025-06-13 14:18:47,302 [FATAL] Updater:308 - Updater called before beeing initialized
2025-06-13 14:18:47,302 [FATAL] Updater:308 - Updater called before beeing initialized
2025-06-13 14:18:47,302 [WARN] DetailPanel:346 - Failed to get advertising image, set to default
2025-06-13 14:18:47,303 [FATAL] Updater:308 - Updater called before beeing initialized
2025-06-13 14:18:47,376 [ERROR] Updater:1120 - MainUpdater not yet initialized. External WinMGr cannot be set.
2025-06-13 14:18:47,384 [INFO] Updater:1056 - Updater Version found : 6.11.1
2025-06-13 14:18:47,410 [INFO] ApplicationProperties:184 - Using Application install path: C:\ST\STM32CubeIDE_1.15.1\STM32CubeIDE\plugins\com.st.stm32cube.common.mx_6.11.1.202404110753
2025-06-13 14:18:48,013 [INFO] ThirdPartyUpdaterWithRetryManager:70 - Updater plugin not ready yet. [2/15]
2025-06-13 14:18:49,006 [ERROR] LogOutputStream:75 - [STDERR_REDIRECT] Jun 13, 2025 2:18:48 PM java.util.prefs.WindowsPreferences <init>
2025-06-13 14:18:49,012 [ERROR] LogOutputStream:75 - [STDERR_REDIRECT] WARNING: Could not open/create prefs root node Software\JavaSoft\Prefs at root 0xffffffff80000002. Windows RegCreateKeyEx(...) returned error code 5.
2025-06-13 14:18:49,013 [ERROR] LogOutputStream:75 - [STDERR_REDIRECT] 
2025-06-13 14:18:49,894 [INFO] MainUpdater:2873 - connection check result : 10
2025-06-13 14:18:49,895 [INFO] MainUpdater:290 - Updater Check For Update Now.
2025-06-13 14:18:49,895 [INFO] MicroXplorer:498 - Change Database Version : DB.6.0.111
2025-06-13 14:18:49,915 [INFO] McuFinderGlobals:63 - Set McuFinder mode to 2 (CubeIDE integrated)
2025-06-13 14:18:49,915 [INFO] UserAuth:179 - activating auth plugin
2025-06-13 14:18:49,919 [INFO] UserAuth:415 - Internet connection configuration mode: 1
2025-06-13 14:18:49,974 [INFO] JxBrowserEngine:152 - Initiate JxBrowser Engine with user profile folder
2025-06-13 14:18:50,145 [INFO] CheckServerUpdateThread:120 - End of CheckServer Thread
2025-06-13 14:18:51,601 [WARN] PackLoader:240 - Cannot read IP mode file for STMicroelectronics.FP-SNS-MOTENVWB1.1.4.0
2025-06-13 14:18:51,621 [WARN] PackLoader:240 - Cannot read IP mode file for STMicroelectronics.FP-ATR-ASTRA1.2.0.2
2025-06-13 14:18:51,633 [WARN] PackLoader:240 - Cannot read IP mode file for STMicroelectronics.FP-ATR-ASTRA1.2.0.1
2025-06-13 14:18:51,654 [WARN] PackLoader:240 - Cannot read IP mode file for STMicroelectronics.X-CUBE-SMBUS.2.1.0
2025-06-13 14:18:51,683 [WARN] PackLoader:240 - Cannot read IP mode file for STMicroelectronics.X-CUBE-WB05N.1.1.0
2025-06-13 14:18:51,699 [ERROR] Engine:466 - C:\Users\PROGRAM\.stm32cubemx\thirdparties\pdsc\STMicroelectronics.X-CUBE-ST60.1.0.0.pdsc: PDSC version is not supported
2025-06-13 14:18:51,766 [WARN] PackLoader:240 - Cannot read IP mode file for STMicroelectronics.X-CUBE-AZRTOS-F7.1.1.0
2025-06-13 14:18:52,011 [WARN] PackLoader:240 - Cannot read IP mode file for STMicroelectronics.X-CUBE-MEMS1.11.0.0
2025-06-13 14:18:52,346 [WARN] PackLoader:240 - Cannot read IP mode file for STMicroelectronics.FP-SNS-FLIGHT1.5.0.2
2025-06-13 14:18:52,370 [WARN] PackLoader:240 - Cannot read IP mode file for STMicroelectronics.X-CUBE-DISPLAY.3.0.0
2025-06-13 14:18:52,401 [WARN] PackLoader:240 - Cannot read IP mode file for STMicroelectronics.X-CUBE-BLE1.7.0.0
2025-06-13 14:18:52,439 [WARN] PackLoader:240 - Cannot read IP mode file for STMicroelectronics.X-CUBE-NFC10.1.0.0
2025-06-13 14:18:52,470 [WARN] PackLoader:240 - Cannot read IP mode file for STMicroelectronics.X-CUBE-BLEMGR.4.0.0
2025-06-13 14:18:52,490 [WARN] PackLoader:240 - Cannot read IP mode file for emotas.I-CUBE-CANOPEN.1.3.0
2025-06-13 14:18:52,511 [WARN] PackLoader:240 - Cannot read IP mode file for STMicroelectronics.X-CUBE-BLEMGR.3.1.0
2025-06-13 14:18:52,607 [WARN] PackLoader:240 - Cannot read IP mode file for STMicroelectronics.X-CUBE-AI.10.0.0
2025-06-13 14:18:52,626 [WARN] PackLoader:240 - Cannot read IP mode file for STMicroelectronics.FP-SNS-SMARTAG2.1.2.0
2025-06-13 14:18:52,636 [ERROR] Engine:466 - C:\Users\PROGRAM\.stm32cubemx\thirdparties\pdsc\STMicroelectronics.FP-SNS-FLIGHT1.5.1.0.pdsc: PDSC version is not supported
2025-06-13 14:18:52,783 [WARN] PackLoader:240 - Cannot read IP mode file for STMicroelectronics.X-CUBE-MEMS1.11.1.0
2025-06-13 14:18:52,967 [INFO] LogOutputStream:77 - [STDOUT_REDIRECT] 1 : Invalid condition id : UX_CORESTACK_Condition cause : null
2025-06-13 14:18:52,967 [INFO] LogOutputStream:77 - [STDOUT_REDIRECT] 1 : Invalid condition id : UX_CORESTACK_Condition cause : null
2025-06-13 14:18:52,969 [INFO] LogOutputStream:77 - [STDOUT_REDIRECT] 1 : Invalid condition id : UX_CORESTACK_Condition cause : null
2025-06-13 14:18:52,970 [INFO] LogOutputStream:77 - [STDOUT_REDIRECT] 1 : Invalid condition id : UX_CORESTACK_Condition cause : null
2025-06-13 14:18:52,972 [INFO] LogOutputStream:77 - [STDOUT_REDIRECT] 1 : Invalid condition id : UX_CORESTACK_Condition cause : null
2025-06-13 14:18:52,975 [WARN] PackLoader:240 - Cannot read IP mode file for STMicroelectronics.X-CUBE-AZRTOS-WL.2.0.0
2025-06-13 14:18:52,993 [WARN] PackLoader:240 - Cannot read IP mode file for STMicroelectronics.FP-SNS-MOTENV1.5.0.0
2025-06-13 14:18:53,011 [WARN] PackLoader:240 - Cannot read IP mode file for wolfSSL.I-CUBE-wolfMQTT.1.19.0
2025-06-13 14:18:53,037 [WARN] PackLoader:240 - Cannot read IP mode file for WES.I-CUBE-Cesium.1.3.0
2025-06-13 14:18:53,063 [WARN] PackLoader:240 - Cannot read IP mode file for STMicroelectronics.X-CUBE-BLE2.3.3.0
2025-06-13 14:18:53,094 [WARN] PackLoader:240 - Cannot read IP mode file for STMicroelectronics.X-CUBE-NFC9.1.0.0
2025-06-13 14:18:53,116 [WARN] PackLoader:240 - Cannot read IP mode file for STMicroelectronics.X-CUBE-BLE1.7.1.0
2025-06-13 14:18:53,134 [WARN] PackLoader:240 - Cannot read IP mode file for STMicroelectronics.X-CUBE-TCPP.4.1.0
2025-06-13 14:18:53,164 [WARN] PackLoader:240 - Cannot read IP mode file for STMicroelectronics.X-CUBE-AI.10.1.0
2025-06-13 14:18:53,349 [WARN] PackLoader:240 - Cannot read IP mode file for STMicroelectronics.X-CUBE-MEMS1.11.2.0
2025-06-13 14:18:53,539 [WARN] PackLoader:240 - Cannot read IP mode file for STMicroelectronics.X-CUBE-AZRTOS-G0.1.1.0
2025-06-13 14:18:53,574 [WARN] PackLoader:240 - Cannot read IP mode file for STMicroelectronics.X-CUBE-SAFEA1.1.2.2
2025-06-13 14:18:53,600 [WARN] PackLoader:240 - Cannot read IP mode file for STMicroelectronics.X-CUBE-NFC4.3.0.0
2025-06-13 14:18:53,624 [WARN] PackLoader:240 - Cannot read IP mode file for EmbeddedOffice.I-CUBE-FS-RTOS.1.0.1
2025-06-13 14:18:53,624 [ERROR] ConditionMgr:805 - Attr not supported : Dmpu
2025-06-13 14:18:53,624 [ERROR] ConditionMgr:805 - Attr not supported : Dmpu
2025-06-13 14:18:53,624 [ERROR] ConditionMgr:805 - Attr not supported : Dmpu
2025-06-13 14:18:53,624 [ERROR] ConditionMgr:805 - Attr not supported : Dmpu
2025-06-13 14:18:53,625 [ERROR] ConditionMgr:805 - Attr not supported : Dmpu
2025-06-13 14:18:53,625 [ERROR] ConditionMgr:805 - Attr not supported : Dmpu
2025-06-13 14:18:53,625 [ERROR] ConditionMgr:805 - Attr not supported : Dmpu
2025-06-13 14:18:53,625 [ERROR] ConditionMgr:805 - Attr not supported : Dmpu
2025-06-13 14:18:53,625 [ERROR] ConditionMgr:805 - Attr not supported : Dmpu
2025-06-13 14:18:53,625 [ERROR] ConditionMgr:805 - Attr not supported : Dmpu
2025-06-13 14:18:53,625 [ERROR] ConditionMgr:805 - Attr not supported : Dmpu
2025-06-13 14:18:53,625 [ERROR] ConditionMgr:805 - Attr not supported : Dmpu
2025-06-13 14:18:53,626 [ERROR] ConditionMgr:805 - Attr not supported : Dmpu
2025-06-13 14:18:53,626 [ERROR] ConditionMgr:805 - Attr not supported : Dmpu
2025-06-13 14:18:53,626 [ERROR] ConditionMgr:805 - Attr not supported : Dmpu
2025-06-13 14:18:53,626 [ERROR] ConditionMgr:805 - Attr not supported : Dmpu
2025-06-13 14:18:53,626 [ERROR] ConditionMgr:805 - Attr not supported : Dmpu
2025-06-13 14:18:53,626 [ERROR] ConditionMgr:805 - Attr not supported : Dmpu
2025-06-13 14:18:53,626 [ERROR] ConditionMgr:805 - Attr not supported : Dmpu
2025-06-13 14:18:53,626 [ERROR] ConditionMgr:805 - Attr not supported : Dmpu
2025-06-13 14:18:53,626 [ERROR] ConditionMgr:805 - Attr not supported : Dmpu
2025-06-13 14:18:53,626 [ERROR] ConditionMgr:805 - Attr not supported : Dmpu
2025-06-13 14:18:53,627 [ERROR] ConditionMgr:805 - Attr not supported : Dmpu
2025-06-13 14:18:53,627 [ERROR] ConditionMgr:805 - Attr not supported : Dmpu
2025-06-13 14:18:53,627 [ERROR] ConditionMgr:805 - Attr not supported : Dmpu
2025-06-13 14:18:53,627 [ERROR] ConditionMgr:805 - Attr not supported : Dmpu
2025-06-13 14:18:53,627 [ERROR] ConditionMgr:805 - Attr not supported : Dmpu
2025-06-13 14:18:53,627 [ERROR] ConditionMgr:805 - Attr not supported : Dmpu
2025-06-13 14:18:53,627 [ERROR] ConditionMgr:805 - Attr not supported : Dmpu
2025-06-13 14:18:53,627 [ERROR] ConditionMgr:805 - Attr not supported : Dmpu
2025-06-13 14:18:53,628 [ERROR] ConditionMgr:805 - Attr not supported : Dmpu
2025-06-13 14:18:53,628 [ERROR] ConditionMgr:805 - Attr not supported : Dmpu
2025-06-13 14:18:53,628 [ERROR] ConditionMgr:805 - Attr not supported : Dmpu
2025-06-13 14:18:53,628 [ERROR] ConditionMgr:805 - Attr not supported : Dmpu
2025-06-13 14:18:53,628 [ERROR] ConditionMgr:805 - Attr not supported : Dmpu
2025-06-13 14:18:53,628 [ERROR] ConditionMgr:805 - Attr not supported : Dmpu
2025-06-13 14:18:53,628 [ERROR] ConditionMgr:805 - Attr not supported : Dmpu
2025-06-13 14:18:53,628 [ERROR] ConditionMgr:805 - Attr not supported : Dmpu
2025-06-13 14:18:53,628 [ERROR] ConditionMgr:805 - Attr not supported : Dmpu
2025-06-13 14:18:53,628 [ERROR] ConditionMgr:805 - Attr not supported : Dmpu
2025-06-13 14:18:53,629 [ERROR] ConditionMgr:805 - Attr not supported : Dmpu
2025-06-13 14:18:53,629 [ERROR] ConditionMgr:805 - Attr not supported : Dmpu
2025-06-13 14:18:53,629 [ERROR] ConditionMgr:805 - Attr not supported : Dmpu
2025-06-13 14:18:53,629 [ERROR] ConditionMgr:805 - Attr not supported : Dmpu
2025-06-13 14:18:53,629 [ERROR] ConditionMgr:805 - Attr not supported : Dmpu
2025-06-13 14:18:53,629 [ERROR] ConditionMgr:805 - Attr not supported : Dmpu
2025-06-13 14:18:53,629 [ERROR] ConditionMgr:805 - Attr not supported : Dmpu
2025-06-13 14:18:53,629 [ERROR] ConditionMgr:805 - Attr not supported : Dmpu
2025-06-13 14:18:53,629 [ERROR] ConditionMgr:805 - Attr not supported : Dmpu
2025-06-13 14:18:53,630 [ERROR] ConditionMgr:805 - Attr not supported : Dmpu
2025-06-13 14:18:53,630 [ERROR] ConditionMgr:805 - Attr not supported : Dmpu
2025-06-13 14:18:53,630 [ERROR] ConditionMgr:805 - Attr not supported : Dmpu
2025-06-13 14:18:53,630 [ERROR] ConditionMgr:805 - Attr not supported : Dmpu
2025-06-13 14:18:53,630 [ERROR] ConditionMgr:805 - Attr not supported : Dmpu
2025-06-13 14:18:53,630 [ERROR] ConditionMgr:805 - Attr not supported : Dmpu
2025-06-13 14:18:53,630 [ERROR] ConditionMgr:805 - Attr not supported : Dmpu
2025-06-13 14:18:53,630 [ERROR] ConditionMgr:805 - Attr not supported : Dmpu
2025-06-13 14:18:53,630 [ERROR] ConditionMgr:805 - Attr not supported : Dmpu
2025-06-13 14:18:53,630 [ERROR] ConditionMgr:805 - Attr not supported : Dmpu
2025-06-13 14:18:53,630 [ERROR] ConditionMgr:805 - Attr not supported : Dmpu
2025-06-13 14:18:53,631 [ERROR] ConditionMgr:805 - Attr not supported : Dmpu
2025-06-13 14:18:53,631 [ERROR] ConditionMgr:805 - Attr not supported : Dmpu
2025-06-13 14:18:53,631 [ERROR] ConditionMgr:805 - Attr not supported : Dmpu
2025-06-13 14:18:53,631 [ERROR] ConditionMgr:805 - Attr not supported : Dmpu
2025-06-13 14:18:53,652 [WARN] PackLoader:240 - Cannot read IP mode file for STMicroelectronics.X-CUBE-WB05N.2.0.0
2025-06-13 14:18:53,668 [ERROR] Engine:466 - C:\Users\PROGRAM\.stm32cubemx\thirdparties\pdsc\STMicroelectronics.X-CUBE-TCPP.4.2.0.pdsc: PDSC version is not supported
2025-06-13 14:18:53,686 [WARN] PackLoader:240 - Cannot read IP mode file for RealThread.X-CUBE-RT-Thread_Nano.4.1.1
2025-06-13 14:18:53,701 [WARN] PackLoader:240 - Cannot read IP mode file for STMicroelectronics.FP-ATR-SIGFOX1.3.2.0
2025-06-13 14:18:53,720 [WARN] PackLoader:240 - Cannot read IP mode file for wolfSSL.I-CUBE-wolfSSL.5.7.2
2025-06-13 14:18:53,735 [WARN] ConditionMgr:438 - getConditionDescription Invalid condition id : Cortex-A Device cause : null
2025-06-13 14:18:53,756 [WARN] ConditionMgr:1039 - genDependencies : Invalid condition id : Cortex-A Device cause : null
2025-06-13 14:18:53,756 [WARN] ConditionMgr:1039 - genDependencies : Invalid condition id : Cortex-A Device cause : null
2025-06-13 14:18:53,756 [WARN] ConditionMgr:1039 - genDependencies : Invalid condition id : Cortex-A Device cause : null
2025-06-13 14:18:53,782 [WARN] PackLoader:240 - Cannot read IP mode file for STMicroelectronics.X-CUBE-EEPRMA1.5.1.0
2025-06-13 14:18:53,803 [WARN] PackLoader:240 - Cannot read IP mode file for ITTIA_DB.I-CUBE-ITTIADB.8.9.0
2025-06-13 14:18:53,816 [ERROR] Engine:466 - C:\Users\PROGRAM\.stm32cubemx\thirdparties\pdsc\STMicroelectronics.X-CUBE-ST67W61.1.0.0.pdsc: PDSC version is not supported
2025-06-13 14:18:53,864 [WARN] PackLoader:240 - Cannot read IP mode file for SEGGER.I-CUBE-embOS.1.3.1
2025-06-13 14:18:53,928 [WARN] PackLoader:240 - Cannot read IP mode file for STMicroelectronics.X-CUBE-ALGOBUILD.1.4.0
2025-06-13 14:18:54,099 [WARN] PackLoader:240 - Cannot read IP mode file for STMicroelectronics.X-CUBE-MEMS1.11.3.0
2025-06-13 14:18:54,350 [WARN] PackLoader:240 - Cannot read IP mode file for STMicroelectronics.X-CUBE-AI.9.1.0
2025-06-13 14:18:54,401 [WARN] PackLoader:240 - Cannot read IP mode file for STMicroelectronics.X-CUBE-AZRTOS-F4.1.1.0
2025-06-13 14:18:54,417 [ERROR] Engine:466 - C:\Users\PROGRAM\.stm32cubemx\thirdparties\pdsc\Avnet-IotConnect.X-CUBE-IoTC-DA16k-PMOD.1.0.0.pdsc: PDSC version is not supported
2025-06-13 14:18:54,443 [WARN] PackLoader:240 - Cannot read IP mode file for STMicroelectronics.X-CUBE-ISPU.2.1.0
2025-06-13 14:18:54,521 [WARN] PackLoader:240 - Cannot read IP mode file for STMicroelectronics.X-CUBE-FREERTOS.1.2.0
2025-06-13 14:18:54,919 [WARN] PackLoader:240 - Cannot read IP mode file for STMicroelectronics.X-CUBE-AZRTOS-L5.2.0.0
2025-06-13 14:18:54,944 [WARN] PackLoader:240 - Cannot read IP mode file for STMicroelectronics.X-CUBE-NFC6.3.1.0
2025-06-13 14:18:54,959 [WARN] PackLoader:240 - Cannot read IP mode file for STMicroelectronics.X-CUBE-DPower.1.2.0
2025-06-13 14:18:54,977 [WARN] PackLoader:240 - Cannot read IP mode file for STMicroelectronics.X-CUBE-FREERTOS.1.3.1
2025-06-13 14:18:54,985 [WARN] PackLoader:240 - Cannot read IP mode file for STMicroelectronics.X-CUBE-FREERTOS.1.3.0
2025-06-13 14:18:55,004 [WARN] PackLoader:240 - Cannot read IP mode file for STMicroelectronics.X-CUBE-NFC7.1.0.1
2025-06-13 14:18:55,017 [WARN] PackLoader:240 - Cannot read IP mode file for STMicroelectronics.X-CUBE-DPower.1.3.0
2025-06-13 14:18:55,060 [WARN] ConditionMgr:438 - getConditionDescription Invalid condition id : LAN8742 Phy interface Condition cause : null
2025-06-13 14:18:55,060 [WARN] PackLoader:240 - Cannot read IP mode file for STMicroelectronics.X-CUBE-AZRTOS-L4.2.0.0
2025-06-13 14:18:55,061 [WARN] ConditionMgr:1039 - genDependencies : Invalid condition id : LAN8742 Phy interface Condition cause : null
2025-06-13 14:18:55,062 [WARN] ConditionMgr:1039 - genDependencies : Invalid condition id : LAN8742 Phy interface Condition cause : null
2025-06-13 14:18:55,062 [WARN] ConditionMgr:1039 - genDependencies : Invalid condition id : LAN8742 Phy interface Condition cause : null
2025-06-13 14:18:55,090 [WARN] PackLoader:240 - Cannot read IP mode file for STMicroelectronics.X-CUBE-SFXS2LP1.4.0.0
2025-06-13 14:18:55,135 [WARN] PackLoader:240 - Cannot read IP mode file for STMicroelectronics.X-CUBE-AZRTOS-H7.3.3.0
2025-06-13 14:18:55,160 [WARN] PackLoader:240 - Cannot read IP mode file for STMicroelectronics.X-CUBE-IPS.3.0.0
2025-06-13 14:18:55,223 [WARN] ConditionMgr:438 - getConditionDescription Invalid condition id : UX DEVICE CLASS RTOS Condition cause : null
2025-06-13 14:18:55,224 [WARN] ConditionMgr:438 - getConditionDescription Invalid condition id : UX DEVICE CLASS RTOS Condition cause : null
2025-06-13 14:18:55,227 [WARN] PackLoader:240 - Cannot read IP mode file for STMicroelectronics.X-CUBE-AZRTOS-WB.2.0.0
2025-06-13 14:18:55,227 [WARN] ConditionMgr:1039 - genDependencies : Invalid condition id : UX DEVICE CLASS RTOS Condition cause : null
2025-06-13 14:18:55,228 [WARN] ConditionMgr:1039 - genDependencies : Invalid condition id : UX DEVICE CLASS RTOS Condition cause : null
2025-06-13 14:18:55,228 [WARN] ConditionMgr:1039 - genDependencies : Invalid condition id : UX DEVICE CLASS RTOS Condition cause : null
2025-06-13 14:18:55,228 [WARN] ConditionMgr:1039 - genDependencies : Invalid condition id : UX DEVICE CLASS RTOS Condition cause : null
2025-06-13 14:18:55,229 [WARN] ConditionMgr:1039 - genDependencies : Invalid condition id : UX DEVICE CLASS RTOS Condition cause : null
2025-06-13 14:18:55,253 [WARN] PackLoader:240 - Cannot read IP mode file for STMicroelectronics.X-CUBE-GNSS1.7.0.0
2025-06-13 14:18:55,274 [WARN] PackLoader:240 - Cannot read IP mode file for STMicroelectronics.X-CUBE-GNSS1.7.0.1
2025-06-13 14:18:55,295 [WARN] PackLoader:240 - Cannot read IP mode file for STMicroelectronics.X-CUBE-TOUCHGFX.4.25.0
2025-06-13 14:18:55,313 [WARN] PackLoader:240 - Cannot read IP mode file for STMicroelectronics.FP-SNS-STBOX1.2.0.0
2025-06-13 14:18:55,342 [WARN] PackLoader:240 - Cannot read IP mode file for STMicroelectronics.X-CUBE-SUBG2.5.0.0
2025-06-13 14:18:55,411 [WARN] PackLoader:240 - Cannot read IP mode file for STMicroelectronics.X-CUBE-AZRTOS-H7RS.1.1.0
2025-06-13 14:18:55,447 [WARN] PackLoader:240 - Cannot read IP mode file for Cesanta.I-CUBE-Mongoose.7.13.0
2025-06-13 14:18:55,562 [WARN] PackLoader:240 - Cannot read IP mode file for STMicroelectronics.X-CUBE-AZRTOS-G4.2.0.0
2025-06-13 14:18:55,624 [WARN] PackLoader:240 - Cannot read IP mode file for STMicroelectronics.X-CUBE-NFC7.2.0.0
2025-06-13 14:18:55,694 [ERROR] Engine:466 - C:\Users\PROGRAM\.stm32cubemx\thirdparties\pdsc\STMicroelectronics.X-CUBE-IPS.3.1.0.pdsc: PDSC version is not supported
2025-06-13 14:18:55,735 [WARN] PackLoader:240 - Cannot read IP mode file for STMicroelectronics.X-CUBE-ALS.1.0.2
2025-06-13 14:18:55,757 [WARN] PackLoader:240 - Cannot read IP mode file for STMicroelectronics.X-CUBE-TOUCHGFX.4.24.2
2025-06-13 14:18:55,787 [WARN] PackLoader:240 - Cannot read IP mode file for STMicroelectronics.X-CUBE-TOUCHGFX.4.24.1
2025-06-13 14:18:55,809 [WARN] PackLoader:240 - Cannot read IP mode file for wolfSSL.I-CUBE-wolfTPM.3.4.0
2025-06-13 14:18:55,838 [WARN] PackLoader:240 - Cannot read IP mode file for portGmbH.I-Cube-SoM-uGOAL.1.1.0
2025-06-13 14:18:55,899 [WARN] PackLoader:240 - Cannot read IP mode file for STMicroelectronics.X-CUBE-AZRTOS-H7RS.1.0.0
2025-06-13 14:18:55,922 [WARN] PackLoader:240 - Cannot read IP mode file for STMicroelectronics.FP-ATR-ASTRA1.2.0.0
2025-06-13 14:18:55,960 [WARN] PackLoader:240 - Cannot read IP mode file for STMicroelectronics.X-CUBE-TOF1.3.4.2
2025-06-13 14:18:56,024 [ERROR] Engine:466 - C:\Users\PROGRAM\.stm32cubemx\thirdparties\pdsc\STMicroelectronics.X-CUBE-TOF1.3.4.3.pdsc: PDSC version is not supported
2025-06-13 14:18:56,099 [WARN] PackLoader:240 - Cannot read IP mode file for Infineon.AIROC-Wi-Fi-Bluetooth-STM32.1.6.1
2025-06-13 14:18:56,120 [WARN] PackLoader:240 - Cannot read IP mode file for wolfSSL.I-CUBE-wolfSSH.1.4.17
2025-06-13 14:18:56,121 [INFO] ThirdParty:978 - Integrity check success = true
2025-06-13 14:18:56,121 [INFO] IntegrityCheckThread:100 - exiting critical section [integrity check]
2025-06-13 14:18:56,121 [INFO] IntegrityCheckThread:103 - End integrity checks thread
2025-06-13 14:18:56,434 [INFO] WebApp:161 - Instantiating new browser for Auth
2025-06-13 14:18:57,469 [INFO] WebApp:779 - Register for checkConnection events
2025-06-13 14:18:57,469 [INFO] WebApp:414 - Apply proxy settings
2025-06-13 14:18:57,469 [INFO] WebApp:499 - Chromium requires no authentication
2025-06-13 14:18:57,480 [INFO] WebApp:442 - Direct internet connection detected
2025-06-13 14:18:57,720 [INFO] WebApp:192 - Starting web application
2025-06-13 14:18:57,720 [INFO] WebApp:544 - Web application path used C:\ST\STM32CubeIDE_1.15.1\STM32CubeIDE\plugins\com.st.stm32cube.common.mx_6.11.1.202404110753\db\plugins\mcufinder\reactClient1\index.html
2025-06-13 14:18:59,048 [ERROR] LogOutputStream:75 - [STDERR_REDIRECT] Jun 13, 2025 2:18:59 PM org.glassfish.grizzly.http.server.NetworkListener start
2025-06-13 14:18:59,049 [ERROR] LogOutputStream:75 - [STDERR_REDIRECT] INFO: Started listener bound to [localhost:1596]
2025-06-13 14:18:59,049 [ERROR] LogOutputStream:75 - [STDERR_REDIRECT] 
2025-06-13 14:18:59,052 [ERROR] LogOutputStream:75 - [STDERR_REDIRECT] Jun 13, 2025 2:18:59 PM org.glassfish.grizzly.http.server.HttpServer start
2025-06-13 14:18:59,052 [ERROR] LogOutputStream:75 - [STDERR_REDIRECT] INFO: [HttpServer] Started.
2025-06-13 14:18:59,053 [ERROR] LogOutputStream:75 - [STDERR_REDIRECT] 
2025-06-13 14:48:30,768 [INFO] McuFinderGlobals:63 - Set McuFinder mode to 2 (CubeIDE integrated)
2025-06-13 14:48:30,792 [INFO] MainUpdater:2873 - connection check result : 10
2025-06-13 14:48:30,798 [INFO] MainUpdater:2873 - connection check result : 10
2025-06-13 14:48:30,972 [INFO] MicroXplorer:468 - Change Database Path : 
2025-06-13 14:48:30,972 [INFO] MicroXplorer:498 - Change Database Version : DB.6.0.111
2025-06-13 14:48:30,986 [WARN] ThirdParty:871 - waiting for thirdparty lock release [close project]
2025-06-13 14:48:30,986 [INFO] ThirdParty:873 - entering critical section [close project]
2025-06-13 14:48:30,987 [INFO] ThirdParty:883 - exiting critical section [close project]
2025-06-13 14:48:30,990 [INFO] PinOutPanel:1561 - setPackage(No Configuration,No Configuration)
2025-06-13 14:48:30,995 [INFO] UtilMem:75 - Begin LoadConfig() Used Memory: 674679920 Bytes (1073741824)
2025-06-13 14:48:30,996 [INFO] MicroXplorer:468 - Change Database Path : 
2025-06-13 14:48:30,996 [INFO] MicroXplorer:498 - Change Database Version : DB.6.0.111
2025-06-13 14:48:30,997 [INFO] OpenFileManager:312 - Change cursor
2025-06-13 14:48:31,058 [INFO] Mcu:2021 - Initializing MCU STM32F407V(E-G)Tx STM32F407VGTx STM32F407VGT6
2025-06-13 14:48:34,526 [INFO] Context:663 - Trying to add GPIOservice into a context  which must be forbidden
2025-06-13 14:48:35,505 [INFO] RtosManager:555 - Registered RTOS mode: class=CMSIS, group=RTOS, mode=CMSIS_V1, owner=FREERTOS
2025-06-13 14:48:35,505 [INFO] RtosManager:555 - Registered RTOS mode: class=CMSIS, group=RTOS2, mode=CMSIS_V2, owner=FREERTOS
2025-06-13 14:48:35,505 [INFO] RtosManager:555 - Registered RTOS mode: class=RTOS, group=Core, mode=CMSIS_V1, owner=FREERTOS
2025-06-13 14:48:35,506 [INFO] RtosManager:555 - Registered RTOS mode: class=RTOS, group=Core, mode=CMSIS_V2, owner=FREERTOS
2025-06-13 14:48:35,506 [WARN] ModelIntegratedComponent:184 - Missing modes for component STMicroelectronics:FreeRTOS:0.0.1:STMicroelectronics:RTOS:FreeRTOS:Core:::10.2.0:
2025-06-13 14:48:35,531 [WARN] ModelIntegratedComponent:63 - No mode defined for component null
2025-06-13 14:48:35,531 [WARN] ModelIntegratedComponent:63 - No mode defined for component null
2025-06-13 14:48:35,532 [WARN] ModelIntegratedComponent:63 - No mode defined for component null
2025-06-13 14:48:35,532 [WARN] ModelIntegratedComponent:63 - No mode defined for component null
2025-06-13 14:48:35,532 [WARN] ModelIntegratedComponent:63 - No mode defined for component null
2025-06-13 14:48:35,532 [WARN] ModelIntegratedComponent:63 - No mode defined for component null
2025-06-13 14:48:35,532 [WARN] ModelIntegratedComponent:63 - No mode defined for component null
2025-06-13 14:48:35,532 [WARN] ModelIntegratedComponent:63 - No mode defined for component null
2025-06-13 14:48:35,532 [WARN] ModelIntegratedComponent:63 - No mode defined for component null
2025-06-13 14:48:35,533 [WARN] ModelIntegratedComponent:63 - No mode defined for component null
2025-06-13 14:48:35,533 [WARN] ModelIntegratedComponent:63 - No mode defined for component null
2025-06-13 14:48:35,533 [WARN] ModelIntegratedComponent:63 - No mode defined for component null
2025-06-13 14:48:35,533 [WARN] ModelIntegratedComponent:63 - No mode defined for component null
2025-06-13 14:48:35,533 [WARN] ModelIntegratedComponent:63 - No mode defined for component null
2025-06-13 14:48:35,533 [WARN] ModelIntegratedComponent:63 - No mode defined for component null
2025-06-13 14:48:35,533 [WARN] ModelIntegratedComponent:63 - No mode defined for component null
2025-06-13 14:48:35,534 [WARN] ModelIntegratedComponent:63 - No mode defined for component null
2025-06-13 14:48:35,534 [WARN] ModelIntegratedComponent:63 - No mode defined for component null
2025-06-13 14:48:35,534 [WARN] ModelIntegratedComponent:63 - No mode defined for component null
2025-06-13 14:48:35,534 [WARN] ModelIntegratedComponent:63 - No mode defined for component null
2025-06-13 14:48:35,534 [WARN] ModelIntegratedComponent:63 - No mode defined for component null
2025-06-13 14:48:35,534 [WARN] ModelIntegratedComponent:63 - No mode defined for component null
2025-06-13 14:48:35,534 [WARN] ModelIntegratedComponent:63 - No mode defined for component null
2025-06-13 14:48:35,534 [WARN] ModelIntegratedComponent:63 - No mode defined for component null
2025-06-13 14:48:35,535 [WARN] ModelIntegratedComponent:63 - No mode defined for component null
2025-06-13 14:48:35,535 [WARN] ModelIntegratedComponent:63 - No mode defined for component null
2025-06-13 14:48:35,535 [WARN] ModelIntegratedComponent:63 - No mode defined for component null
2025-06-13 14:48:35,535 [WARN] ModelIntegratedComponent:63 - No mode defined for component null
2025-06-13 14:48:35,535 [WARN] ModelIntegratedComponent:63 - No mode defined for component null
2025-06-13 14:48:35,535 [WARN] ModelIntegratedComponent:63 - No mode defined for component null
2025-06-13 14:48:35,535 [WARN] ModelIntegratedComponent:63 - No mode defined for component null
2025-06-13 14:48:35,535 [WARN] ModelIntegratedComponent:63 - No mode defined for component null
2025-06-13 14:48:35,536 [WARN] ModelIntegratedComponent:63 - No mode defined for component null
2025-06-13 14:48:35,536 [WARN] ModelIntegratedComponent:63 - No mode defined for component null
2025-06-13 14:48:35,824 [INFO] ThirdPartyModel:298 - Start build external matchings
2025-06-13 14:48:37,296 [INFO] ThirdPartyModel:316 - End build external matchings
2025-06-13 14:48:37,330 [INFO] ImportTextPane:194 - (OptionalMessage_ERROR) IP (RCC) : Parameter (RTCHSEDivFreq_Value) has invalid value (12500000)
2025-06-13 14:48:38,103 [INFO] ApiDb:581 - Connected to CubeFinder SQLite database (C:\Users\PROGRAM\.stmcufinder\plugins\mcufinder\mcu\cube-finder-db.db)
2025-06-13 14:48:38,290 [INFO] ApiDb:668 - CubeFinder database Data Model version=2.1
2025-06-13 14:48:38,291 [INFO] ApiDb:669 - CubeFinder database Configuration version=3.0.39
2025-06-13 14:48:38,292 [INFO] ApiDb:670 - CubeFinder database generation date=2025-05-20 (1747743314)
2025-06-13 14:48:38,292 [INFO] ApiDb:671 - CubeFinder database FW Pack versions=[FP-ATR-ASTRA1_V2.0.0, FP-SNS-FLIGHT1_V5.1.0, FP-SNS-MOTENV1_V5.0.0, FP-SNS-MOTENVWB1_V1.4.0, FP-SNS-SMARTAG2_V1.2.0, FP-SNS-STBOX1_V2.0.0, STM32Cube_FW_C0_V1.4.0, STM32Cube_FW_F4_V1.28.2, STM32Cube_FW_F7_V1.17.3, STM32Cube_FW_G0_V1.6.2, STM32Cube_FW_G4_V1.6.1, STM32Cube_FW_H5_V1.5.0, STM32Cube_FW_H7RS_V1.2.0, STM32Cube_FW_H7_V1.12.1, STM32Cube_FW_L0_V1.12.2, STM32Cube_FW_L4_V1.18.1, STM32Cube_FW_L5_V1.5.1, STM32Cube_FW_N6_V1.1.1, STM32Cube_FW_U0_V1.2.0, STM32Cube_FW_U3_V1.1.0, STM32Cube_FW_U5_V1.7.0, STM32Cube_FW_WB0_V1.2.0, STM32Cube_FW_WBA_V1.6.0, STM32Cube_FW_WB_V1.22.0, STM32Cube_FW_WL3_V1.1.0, STM32Cube_FW_WL_V1.3.1, X-CUBE-ALGOBUILD_V1.4.0, X-CUBE-ALS_V1.0.2, X-CUBE-AZRTOS-F4_V1.1.0, X-CUBE-AZRTOS-F7_V1.1.0, X-CUBE-AZRTOS-G0_V1.1.0, X-CUBE-AZRTOS-G4_V2.0.0, X-CUBE-AZRTOS-H7RS_V1.1.0, X-CUBE-AZRTOS-H7_V3.3.0, X-CUBE-AZRTOS-L4_V2.0.0, X-CUBE-AZRTOS-L5_V2.0.0, X-CUBE-AZRTOS-WB_V2.0.0, X-CUBE-AZRTOS-WL_V2.0.0, X-CUBE-BLE1_V7.1.0, X-CUBE-BLE2_V3.3.0, X-CUBE-BLEMGR_V4.0.0, X-CUBE-EEPRMA1_V5.1.0, X-CUBE-FREERTOS_V1.3.1, X-CUBE-GNSS1_V6.0.0, X-CUBE-MEMS1_V11.2.0, X-CUBE-NFC4_V3.0.0, X-CUBE-NFC7_V2.0.0, X-CUBE-SFXS2LP1_V4.0.0, X-CUBE-SUBG2_V5.0.0, X-CUBE-TOF1_V3.4.3]
2025-06-13 14:48:38,482 [INFO] DbBoardsSqlite:226 - include board P-NUCLEO-WB55-NUCLEO as a kit item of type 'Nucleo-64'
2025-06-13 14:48:38,483 [INFO] DbBoardsSqlite:226 - include board P-NUCLEO-WB55-USBDONGLE as a kit item of type 'Nucleo USB Dongle'
2025-06-13 14:48:38,484 [INFO] DbBoardsSqlite:226 - include board STEVAL-IDP005V1 as a kit item of type 'Evaluation Board'
2025-06-13 14:48:38,484 [INFO] DbBoardsSqlite:226 - include board STEVAL-IDP005V2 as a kit item of type 'Evaluation Board'
2025-06-13 14:48:39,081 [INFO] ApiDb:240 - Found 483 in-development CPN: [B-G473E-ZEST1S, B-WB1M-WPAN1, B-WL5M-SUBG1, NUCLEO-C031C6, NUCLEO-H503RB, NUCLEO-H533RE, NUCLEO-H563ZI, NUCLEO-H7S3L8, NUCLEO-U031R8, NUCLEO-U083RC, NUCLEO-U545RE-Q, NUCLEO-U5A5ZJ-Q, NUCLEO-WBA52CG, NUCLEO-WBA55CG, STEVAL-PROTEUS1, STEVAL-SMARTAG2, STEVAL-STWINBX1, STM320518-EVAL, STM32C0116-DK, STM32C011D6Y3TR, STM32C011D6Y6TR, STM32C011F4P3, STM32C011F4P6, STM32C011F4U3, STM32C011F4U6TR, STM32C011F6P3, STM32C011F6P6, STM32C011F6U3, STM32C011F6U6TR, STM32C011J4M3, STM32C011J4M6, STM32C011J6M3, STM32C011J6M6, STM32C0316-DK, STM32C031C4T3, STM32C031C4T6, STM32C031C4U3, STM32C031C4U6, STM32C031C6T3, STM32C031C6T6, STM32C031C6U3, STM32C031C6U6, STM32C031F4P3, STM32C031F4P6, STM32C031F6P3, STM32C031F6P6, STM32C031G4U3, STM32C031G4U6, STM32C031G6U3, STM32C031G6U6, STM32C031K4T3, STM32C031K4T6, STM32C031K4U3, STM32C031K4U6, STM32C031K6T3, STM32C031K6T6, STM32C031K6U3, STM32C031K6U6, STM32G071K8TXN, STM32G071K8UXN, STM32G081GBU6N, STM32G081KBT6N, STM32G081KBUXN, STM32G0B1CCT6N, STM32G0B1KCT6, STM32G0B1NEY6TR, STM32G0B1RCT6N, STM32G0C1CCT6, STM32G0C1CCT6N, STM32G0C1CCU6N, STM32G0C1CET6N, STM32G0C1CEU6N, STM32G0C1KCT6, STM32G0C1NEY6TR, STM32G0C1RCI6N, STM32G0C1RCT6N, STM32G0C1REI6N, STM32G0C1RET6N, STM32G0C1VCI6, STM32G0C1VEI6, STM32G471CCT6, STM32G471CCU6, STM32G471CET3, STM32G471CET6, STM32G471CEU3, STM32G471CEU6, STM32G471MCT6, STM32G471MET3, STM32G471MET6, STM32G471MEY6TR, STM32G471QCT6, STM32G471QET3, STM32G471RCT6, STM32G471RET3, STM32G471RET6, STM32G471VCH6, STM32G471VCI6, STM32G471VCT6, STM32G471VEH3, STM32G471VEH6, STM32G471VEI3, STM32G471VEI6, STM32G471VET3, STM32G471VET6, STM32G474CCT6, STM32H503CBT6, STM32H503CBU6, STM32H503EBY6TR, STM32H503KBU6, STM32H503RBT6, STM32H523CCT6, STM32H523CCU6, STM32H523CET6, STM32H523CEU6, STM32H523HEY6TR, STM32H523RCT6, STM32H523RET6, STM32H523VCI6, STM32H523VCT6, STM32H523VEI6, STM32H523VET6, STM32H523ZCJ6, STM32H523ZCT6, STM32H523ZEJ6, STM32H523ZET6, STM32H533CET6, STM32H533CEU6, STM32H533HEY6TR, STM32H533RET6, STM32H533VEI6, STM32H533VET6, STM32H533ZEJ6, STM32H533ZET6, STM32H562AGI6, STM32H562AII6, STM32H562IGK6, STM32H562IGT6, STM32H562IIK6, STM32H562IIT6, STM32H562RGT6, STM32H562RGV6, STM32H562RIT6, STM32H562RIV6, STM32H562VGT6, STM32H562VIT6, STM32H562ZGT6, STM32H562ZIT6, STM32H563AGI6, STM32H563AII3Q, STM32H563AII6, STM32H563IGK6, STM32H563IGT6, STM32H563IIK3Q, STM32H563IIK6, STM32H563IIT3Q, STM32H563IIT6, STM32H563MIY3QTR, STM32H563RGT6, STM32H563RGV6, STM32H563RIT6, STM32H563RIV6, STM32H563VGT6, STM32H563VIT3Q, STM32H563VIT6, STM32H563ZGT6, STM32H563ZIT3Q, STM32H563ZIT6, STM32H573AII3Q, STM32H573AII6, STM32H573I-DK, STM32H573IIK3Q, STM32H573IIK6, STM32H573IIT3Q, STM32H573IIT6, STM32H573MIY3QTR, STM32H573RIT6, STM32H573RIV6, STM32H573VIT3Q, STM32H573VIT6, STM32H573ZIT3Q, STM32H573ZIT6, STM32H7R3A8I6, STM32H7R3I8K6, STM32H7R3I8T6, STM32H7R3L8H6, STM32H7R3L8H6H, STM32H7R3R8V6, STM32H7R3V8H6, STM32H7R3V8T6, STM32H7R3V8Y6, STM32H7R3Z8J6, STM32H7R3Z8T6, STM32H7R7A8I6, STM32H7R7I8K6, STM32H7R7I8T6, STM32H7R7L8H6, STM32H7R7L8H6H, STM32H7R7Z8J6, STM32H7S3A8I6, STM32H7S3I8K6, STM32H7S3I8T6, STM32H7S3L8H6, STM32H7S3L8H6H, STM32H7S3R8V6, STM32H7S3V8H6, STM32H7S3V8T6, STM32H7S3V8Y6, STM32H7S3Z8J6, STM32H7S3Z8T6, STM32H7S78-DK, STM32H7S7A8I6, STM32H7S7I8K6, STM32H7S7I8T6, STM32H7S7L8H6, STM32H7S7L8H6H, STM32H7S7Z8J6, STM32L4R5QGI6STR, STM32MP131AAE3, STM32MP131AAF3, STM32MP131AAG3, STM32MP131CAE3, STM32MP131CAF3, STM32MP131CAG3, STM32MP131DAE7, STM32MP131DAF7, STM32MP131DAG7, STM32MP131FAE7, STM32MP131FAF7, STM32MP131FAG7, STM32MP133AAE3, STM32MP133AAF3, STM32MP133AAG3, STM32MP133CAE3, STM32MP133CAF3, STM32MP133CAG3, STM32MP133DAE7, STM32MP133DAF7, STM32MP133DAG7, STM32MP133FAE7, STM32MP133FAF7, STM32MP133FAG7, STM32MP135AAE3, STM32MP135AAF3, STM32MP135AAG3, STM32MP135CAE3, STM32MP135CAF3, STM32MP135CAG3, STM32MP135DAE7, STM32MP135DAF7, STM32MP135DAG7, STM32MP135F-DK, STM32MP135FAE7, STM32MP135FAF7, STM32MP135FAF7T, STM32MP135FAF7U, STM32MP135FAG7, STM32U031C6T6, STM32U031C6U6, STM32U031C8T6, STM32U031C8U6, STM32U031F4P6, STM32U031F6P6, STM32U031F8P6, STM32U031G6Y6TR, STM32U031G8Y6TR, STM32U031K4U6, STM32U031K6U6, STM32U031K8U6, STM32U031R6I6, STM32U031R6T6, STM32U031R8I6, STM32U031R8T6, STM32U073C8T6, STM32U073C8U6, STM32U073CBT6, STM32U073CBU6, STM32U073CCT6, STM32U073CCU6, STM32U073H8Y6TR, STM32U073HBY6TR, STM32U073HCY6TR, STM32U073K8U6, STM32U073KBU6, STM32U073KCU6, STM32U073M8I6, STM32U073M8T6, STM32U073MBI6, STM32U073MBT6, STM32U073MCI6, STM32U073MCT6, STM32U073R8I6, STM32U073R8T6, STM32U073RBI6, STM32U073RBT6, STM32U073RCI6, STM32U073RCT6, STM32U083C-DK, STM32U083CCT6, STM32U083CCU6, STM32U083HCY6TR, STM32U083KCU6, STM32U083MCI6, STM32U083MCT6, STM32U083RCI6, STM32U083RCT6, STM32U535CBT6, STM32U535CBT6Q, STM32U535CBU6, STM32U535CBU6Q, STM32U535CCT6, STM32U535CCT6Q, STM32U535CCU6, STM32U535CCU6Q, STM32U535CET6, STM32U535CET6Q, STM32U535CEU6, STM32U535CEU6Q, STM32U535JEY6QTR, STM32U535NCY6QTR, STM32U535NEY6QTR, STM32U535RBI6, STM32U535RBI6Q, STM32U535RBT6, STM32U535RBT6Q, STM32U535RCI6, STM32U535RCI6Q, STM32U535RCT6, STM32U535RCT6Q, STM32U535REI6, STM32U535REI6Q, STM32U535RET6, STM32U535RET6Q, STM32U535VCI6, STM32U535VCI6Q, STM32U535VCT6, STM32U535VCT6Q, STM32U535VEI6, STM32U535VEI6Q, STM32U535VET6, STM32U535VET6Q, STM32U545CET6, STM32U545CET6Q, STM32U545CEU6, STM32U545CEU6Q, STM32U545JEY6QTR, STM32U545NEY6QTR, STM32U545REI6, STM32U545REI6Q, STM32U545RET6, STM32U545RET6Q, STM32U545VEI6, STM32U545VEI6Q, STM32U545VET6, STM32U545VET6Q, STM32U595AIH6, STM32U595AIH6Q, STM32U595AJH6, STM32U595AJH6Q, STM32U595QII6, STM32U595QII6Q, STM32U595QJI6, STM32U595QJI6Q, STM32U595RIT6, STM32U595RIT6Q, STM32U595RJT6, STM32U595RJT6Q, STM32U595VIT6, STM32U595VIT6Q, STM32U595VJT6, STM32U595VJT6Q, STM32U595ZIT6, STM32U595ZIT6Q, STM32U595ZIY6QTR, STM32U595ZJT6, STM32U595ZJT6Q, STM32U595ZJY6QTR, STM32U599BJY6QTR, STM32U599NIH6Q, STM32U599NJH6Q, STM32U599VIT6Q, STM32U599VJT6, STM32U599VJT6Q, STM32U599ZIT6Q, STM32U599ZIY6QTR, STM32U599ZJT6Q, STM32U599ZJY6QTR, STM32U5A5AJH6, STM32U5A5AJH6Q, STM32U5A5QII3Q , STM32U5A5QJI6, STM32U5A5QJI6Q, STM32U5A5RJT6, STM32U5A5RJT6Q, STM32U5A5VJT6, STM32U5A5VJT6Q, STM32U5A5ZJT6, STM32U5A5ZJT6Q, STM32U5A5ZJY6QTR, STM32U5A9BJY6QTR, STM32U5A9J-DK, STM32U5A9NJH6Q, STM32U5A9VJT6Q, STM32U5A9ZJT6Q, STM32U5A9ZJY6QTR, STM32U5F7VIT6, STM32U5F7VIT6Q, STM32U5F7VJT6, STM32U5F7VJT6Q, STM32U5F9BJY6QTR, STM32U5F9NJH6Q, STM32U5F9VIT6Q, STM32U5F9VJT6Q, STM32U5F9ZIJ6QTR, STM32U5F9ZIT6Q, STM32U5F9ZJJ6QTR, STM32U5F9ZJT6Q, STM32U5G7VJT6, STM32U5G7VJT6Q, STM32U5G9BJY6QTR, STM32U5G9J-DK1, STM32U5G9J-DK2, STM32U5G9NJH6Q, STM32U5G9VJT6Q, STM32U5G9ZJJ6QTR, STM32U5G9ZJT6Q, STM32WB1MMCH6, STM32WBA50KEU6, STM32WBA50KEU6TR, STM32WBA50KGU6, STM32WBA50KGU6TR, STM32WBA52CEU6, STM32WBA52CEU6TR, STM32WBA52CEU7, STM32WBA52CEU7TR, STM32WBA52CGU6, STM32WBA52CGU6TR, STM32WBA52CGU6U, STM32WBA52CGU7, STM32WBA52CGU7TR, STM32WBA52KEU6, STM32WBA52KEU6TR, STM32WBA52KGU6, STM32WBA52KGU6TR, STM32WBA54CEU6, STM32WBA54CEU6TR, STM32WBA54CEU7, STM32WBA54CEU7TR, STM32WBA54CGU6, STM32WBA54CGU6TR, STM32WBA54CGU7, STM32WBA54CGU7TR, STM32WBA54KEU6, STM32WBA54KEU6TR, STM32WBA54KEU7, STM32WBA54KEU7TR, STM32WBA54KGU6, STM32WBA54KGU6TR, STM32WBA54KGU7, STM32WBA54KGU7TR, STM32WBA55CEU6, STM32WBA55CEU6TR, STM32WBA55CEU7, STM32WBA55CEU7TR, STM32WBA55CGU6, STM32WBA55CGU6TR, STM32WBA55CGU6U, STM32WBA55CGU7, STM32WBA55CGU7TR, STM32WBA55G-DK1, STM32WBA55HEF6, STM32WBA55HEF7, STM32WBA55HGF6, STM32WBA55HGF7, STM32WBA55UEI6, STM32WBA55UEI6TR, STM32WBA55UEI7, STM32WBA55UEI7TR, STM32WBA55UGI6, STM32WBA55UGI6TR, STM32WBA55UGI7, STM32WBA55UGI7TR, STM32WL5MOCH6, STM32WL5MOCH6TR]
2025-06-13 14:48:39,107 [INFO] BoardInfo:889 - No configuration file found for board B-WBA5M-WPAN
2025-06-13 14:48:39,107 [INFO] DbBoards:161 - Board is not supported: B-WBA5M-WPAN
2025-06-13 14:48:39,114 [INFO] BoardInfo:889 - No configuration file found for board NUCLEO-C051C8
2025-06-13 14:48:39,115 [INFO] DbBoards:161 - Board is not supported: NUCLEO-C051C8
2025-06-13 14:48:39,117 [INFO] BoardInfo:889 - No configuration file found for board NUCLEO-C071RB
2025-06-13 14:48:39,118 [INFO] DbBoards:161 - Board is not supported: NUCLEO-C071RB
2025-06-13 14:48:39,135 [INFO] BoardInfo:889 - No configuration file found for board NUCLEO-C092RC
2025-06-13 14:48:39,136 [INFO] DbBoards:161 - Board is not supported: NUCLEO-C092RC
2025-06-13 14:48:39,281 [INFO] BoardInfo:889 - No configuration file found for board NUCLEO-N657X0-Q
2025-06-13 14:48:39,282 [INFO] DbBoards:161 - Board is not supported: NUCLEO-N657X0-Q
2025-06-13 14:48:39,288 [INFO] BoardInfo:889 - No configuration file found for board NUCLEO-U385RG-Q
2025-06-13 14:48:39,289 [INFO] DbBoards:161 - Board is not supported: NUCLEO-U385RG-Q
2025-06-13 14:48:39,297 [INFO] BoardInfo:889 - No configuration file found for board NUCLEO-WB05KZ
2025-06-13 14:48:39,297 [INFO] DbBoards:161 - Board is not supported: NUCLEO-WB05KZ
2025-06-13 14:48:39,299 [INFO] BoardInfo:889 - No configuration file found for board NUCLEO-WB07CC
2025-06-13 14:48:39,300 [INFO] DbBoards:161 - Board is not supported: NUCLEO-WB07CC
2025-06-13 14:48:39,302 [INFO] BoardInfo:889 - No configuration file found for board NUCLEO-WB09KE
2025-06-13 14:48:39,302 [INFO] DbBoards:161 - Board is not supported: NUCLEO-WB09KE
2025-06-13 14:48:39,313 [INFO] BoardInfo:889 - No configuration file found for board NUCLEO-WBA65RI
2025-06-13 14:48:39,313 [INFO] DbBoards:161 - Board is not supported: NUCLEO-WBA65RI
2025-06-13 14:48:39,315 [INFO] BoardInfo:889 - No configuration file found for board NUCLEO-WL33CC1
2025-06-13 14:48:39,316 [INFO] DbBoards:161 - Board is not supported: NUCLEO-WL33CC1
2025-06-13 14:48:39,318 [INFO] BoardInfo:889 - No configuration file found for board NUCLEO-WL33CC2
2025-06-13 14:48:39,318 [INFO] DbBoards:161 - Board is not supported: NUCLEO-WL33CC2
2025-06-13 14:48:39,328 [INFO] BoardInfo:889 - No configuration file found for board P-NUCLEO-WB55
2025-06-13 14:48:39,329 [INFO] DbBoards:161 - Kit is not supported: P-NUCLEO-WB55
2025-06-13 14:48:39,337 [INFO] BoardInfo:889 - No configuration file found for board STEVAL-BFA001V1B
2025-06-13 14:48:39,338 [INFO] DbBoards:161 - Kit is not supported: STEVAL-BFA001V1B
2025-06-13 14:48:39,340 [INFO] BoardInfo:889 - No configuration file found for board STEVAL-BFA001V2B
2025-06-13 14:48:39,340 [INFO] DbBoards:161 - Kit is not supported: STEVAL-BFA001V2B
2025-06-13 14:48:39,547 [INFO] BoardInfo:889 - No configuration file found for board STM32MP257F-DK
2025-06-13 14:48:39,548 [INFO] DbBoards:161 - Board is not supported: STM32MP257F-DK
2025-06-13 14:48:39,549 [INFO] BoardInfo:889 - No configuration file found for board STM32MP257F-EV1
2025-06-13 14:48:39,550 [INFO] DbBoards:161 - Board is not supported: STM32MP257F-EV1
2025-06-13 14:48:39,552 [INFO] BoardInfo:889 - No configuration file found for board STM32N6570-DK
2025-06-13 14:48:39,553 [INFO] DbBoards:161 - Board is not supported: STM32N6570-DK
2025-06-13 14:48:39,571 [INFO] BoardInfo:889 - No configuration file found for board STM32WBA65I-DK1
2025-06-13 14:48:39,571 [INFO] DbBoards:161 - Board is not supported: STM32WBA65I-DK1
2025-06-13 14:48:39,571 [INFO] DbBoards:168 - Found 211 boards, 192 are supported
2025-06-13 14:48:39,572 [INFO] DbBoards:169 - Found 211 boards, 8 of them is supported for  Bsp
2025-06-13 14:48:39,577 [INFO] ApiDb:668 - CubeFinder database Data Model version=2.1
2025-06-13 14:48:39,577 [INFO] ApiDb:669 - CubeFinder database Configuration version=3.0.39
2025-06-13 14:48:39,577 [INFO] ApiDb:670 - CubeFinder database generation date=2025-05-20 (1747743314)
2025-06-13 14:48:39,578 [INFO] ApiDb:671 - CubeFinder database FW Pack versions=[FP-ATR-ASTRA1_V2.0.0, FP-SNS-FLIGHT1_V5.1.0, FP-SNS-MOTENV1_V5.0.0, FP-SNS-MOTENVWB1_V1.4.0, FP-SNS-SMARTAG2_V1.2.0, FP-SNS-STBOX1_V2.0.0, STM32Cube_FW_C0_V1.4.0, STM32Cube_FW_F4_V1.28.2, STM32Cube_FW_F7_V1.17.3, STM32Cube_FW_G0_V1.6.2, STM32Cube_FW_G4_V1.6.1, STM32Cube_FW_H5_V1.5.0, STM32Cube_FW_H7RS_V1.2.0, STM32Cube_FW_H7_V1.12.1, STM32Cube_FW_L0_V1.12.2, STM32Cube_FW_L4_V1.18.1, STM32Cube_FW_L5_V1.5.1, STM32Cube_FW_N6_V1.1.1, STM32Cube_FW_U0_V1.2.0, STM32Cube_FW_U3_V1.1.0, STM32Cube_FW_U5_V1.7.0, STM32Cube_FW_WB0_V1.2.0, STM32Cube_FW_WBA_V1.6.0, STM32Cube_FW_WB_V1.22.0, STM32Cube_FW_WL3_V1.1.0, STM32Cube_FW_WL_V1.3.1, X-CUBE-ALGOBUILD_V1.4.0, X-CUBE-ALS_V1.0.2, X-CUBE-AZRTOS-F4_V1.1.0, X-CUBE-AZRTOS-F7_V1.1.0, X-CUBE-AZRTOS-G0_V1.1.0, X-CUBE-AZRTOS-G4_V2.0.0, X-CUBE-AZRTOS-H7RS_V1.1.0, X-CUBE-AZRTOS-H7_V3.3.0, X-CUBE-AZRTOS-L4_V2.0.0, X-CUBE-AZRTOS-L5_V2.0.0, X-CUBE-AZRTOS-WB_V2.0.0, X-CUBE-AZRTOS-WL_V2.0.0, X-CUBE-BLE1_V7.1.0, X-CUBE-BLE2_V3.3.0, X-CUBE-BLEMGR_V4.0.0, X-CUBE-EEPRMA1_V5.1.0, X-CUBE-FREERTOS_V1.3.1, X-CUBE-GNSS1_V6.0.0, X-CUBE-MEMS1_V11.2.0, X-CUBE-NFC4_V3.0.0, X-CUBE-NFC7_V2.0.0, X-CUBE-SFXS2LP1_V4.0.0, X-CUBE-SUBG2_V5.0.0, X-CUBE-TOF1_V3.4.3]
2025-06-13 14:48:42,176 [INFO] ApiDb:240 - Found 483 in-development CPN: [B-G473E-ZEST1S, B-WB1M-WPAN1, B-WL5M-SUBG1, NUCLEO-C031C6, NUCLEO-H503RB, NUCLEO-H533RE, NUCLEO-H563ZI, NUCLEO-H7S3L8, NUCLEO-U031R8, NUCLEO-U083RC, NUCLEO-U545RE-Q, NUCLEO-U5A5ZJ-Q, NUCLEO-WBA52CG, NUCLEO-WBA55CG, STEVAL-PROTEUS1, STEVAL-SMARTAG2, STEVAL-STWINBX1, STM320518-EVAL, STM32C0116-DK, STM32C011D6Y3TR, STM32C011D6Y6TR, STM32C011F4P3, STM32C011F4P6, STM32C011F4U3, STM32C011F4U6TR, STM32C011F6P3, STM32C011F6P6, STM32C011F6U3, STM32C011F6U6TR, STM32C011J4M3, STM32C011J4M6, STM32C011J6M3, STM32C011J6M6, STM32C0316-DK, STM32C031C4T3, STM32C031C4T6, STM32C031C4U3, STM32C031C4U6, STM32C031C6T3, STM32C031C6T6, STM32C031C6U3, STM32C031C6U6, STM32C031F4P3, STM32C031F4P6, STM32C031F6P3, STM32C031F6P6, STM32C031G4U3, STM32C031G4U6, STM32C031G6U3, STM32C031G6U6, STM32C031K4T3, STM32C031K4T6, STM32C031K4U3, STM32C031K4U6, STM32C031K6T3, STM32C031K6T6, STM32C031K6U3, STM32C031K6U6, STM32G071K8TXN, STM32G071K8UXN, STM32G081GBU6N, STM32G081KBT6N, STM32G081KBUXN, STM32G0B1CCT6N, STM32G0B1KCT6, STM32G0B1NEY6TR, STM32G0B1RCT6N, STM32G0C1CCT6, STM32G0C1CCT6N, STM32G0C1CCU6N, STM32G0C1CET6N, STM32G0C1CEU6N, STM32G0C1KCT6, STM32G0C1NEY6TR, STM32G0C1RCI6N, STM32G0C1RCT6N, STM32G0C1REI6N, STM32G0C1RET6N, STM32G0C1VCI6, STM32G0C1VEI6, STM32G471CCT6, STM32G471CCU6, STM32G471CET3, STM32G471CET6, STM32G471CEU3, STM32G471CEU6, STM32G471MCT6, STM32G471MET3, STM32G471MET6, STM32G471MEY6TR, STM32G471QCT6, STM32G471QET3, STM32G471RCT6, STM32G471RET3, STM32G471RET6, STM32G471VCH6, STM32G471VCI6, STM32G471VCT6, STM32G471VEH3, STM32G471VEH6, STM32G471VEI3, STM32G471VEI6, STM32G471VET3, STM32G471VET6, STM32G474CCT6, STM32H503CBT6, STM32H503CBU6, STM32H503EBY6TR, STM32H503KBU6, STM32H503RBT6, STM32H523CCT6, STM32H523CCU6, STM32H523CET6, STM32H523CEU6, STM32H523HEY6TR, STM32H523RCT6, STM32H523RET6, STM32H523VCI6, STM32H523VCT6, STM32H523VEI6, STM32H523VET6, STM32H523ZCJ6, STM32H523ZCT6, STM32H523ZEJ6, STM32H523ZET6, STM32H533CET6, STM32H533CEU6, STM32H533HEY6TR, STM32H533RET6, STM32H533VEI6, STM32H533VET6, STM32H533ZEJ6, STM32H533ZET6, STM32H562AGI6, STM32H562AII6, STM32H562IGK6, STM32H562IGT6, STM32H562IIK6, STM32H562IIT6, STM32H562RGT6, STM32H562RGV6, STM32H562RIT6, STM32H562RIV6, STM32H562VGT6, STM32H562VIT6, STM32H562ZGT6, STM32H562ZIT6, STM32H563AGI6, STM32H563AII3Q, STM32H563AII6, STM32H563IGK6, STM32H563IGT6, STM32H563IIK3Q, STM32H563IIK6, STM32H563IIT3Q, STM32H563IIT6, STM32H563MIY3QTR, STM32H563RGT6, STM32H563RGV6, STM32H563RIT6, STM32H563RIV6, STM32H563VGT6, STM32H563VIT3Q, STM32H563VIT6, STM32H563ZGT6, STM32H563ZIT3Q, STM32H563ZIT6, STM32H573AII3Q, STM32H573AII6, STM32H573I-DK, STM32H573IIK3Q, STM32H573IIK6, STM32H573IIT3Q, STM32H573IIT6, STM32H573MIY3QTR, STM32H573RIT6, STM32H573RIV6, STM32H573VIT3Q, STM32H573VIT6, STM32H573ZIT3Q, STM32H573ZIT6, STM32H7R3A8I6, STM32H7R3I8K6, STM32H7R3I8T6, STM32H7R3L8H6, STM32H7R3L8H6H, STM32H7R3R8V6, STM32H7R3V8H6, STM32H7R3V8T6, STM32H7R3V8Y6, STM32H7R3Z8J6, STM32H7R3Z8T6, STM32H7R7A8I6, STM32H7R7I8K6, STM32H7R7I8T6, STM32H7R7L8H6, STM32H7R7L8H6H, STM32H7R7Z8J6, STM32H7S3A8I6, STM32H7S3I8K6, STM32H7S3I8T6, STM32H7S3L8H6, STM32H7S3L8H6H, STM32H7S3R8V6, STM32H7S3V8H6, STM32H7S3V8T6, STM32H7S3V8Y6, STM32H7S3Z8J6, STM32H7S3Z8T6, STM32H7S78-DK, STM32H7S7A8I6, STM32H7S7I8K6, STM32H7S7I8T6, STM32H7S7L8H6, STM32H7S7L8H6H, STM32H7S7Z8J6, STM32L4R5QGI6STR, STM32MP131AAE3, STM32MP131AAF3, STM32MP131AAG3, STM32MP131CAE3, STM32MP131CAF3, STM32MP131CAG3, STM32MP131DAE7, STM32MP131DAF7, STM32MP131DAG7, STM32MP131FAE7, STM32MP131FAF7, STM32MP131FAG7, STM32MP133AAE3, STM32MP133AAF3, STM32MP133AAG3, STM32MP133CAE3, STM32MP133CAF3, STM32MP133CAG3, STM32MP133DAE7, STM32MP133DAF7, STM32MP133DAG7, STM32MP133FAE7, STM32MP133FAF7, STM32MP133FAG7, STM32MP135AAE3, STM32MP135AAF3, STM32MP135AAG3, STM32MP135CAE3, STM32MP135CAF3, STM32MP135CAG3, STM32MP135DAE7, STM32MP135DAF7, STM32MP135DAG7, STM32MP135F-DK, STM32MP135FAE7, STM32MP135FAF7, STM32MP135FAF7T, STM32MP135FAF7U, STM32MP135FAG7, STM32U031C6T6, STM32U031C6U6, STM32U031C8T6, STM32U031C8U6, STM32U031F4P6, STM32U031F6P6, STM32U031F8P6, STM32U031G6Y6TR, STM32U031G8Y6TR, STM32U031K4U6, STM32U031K6U6, STM32U031K8U6, STM32U031R6I6, STM32U031R6T6, STM32U031R8I6, STM32U031R8T6, STM32U073C8T6, STM32U073C8U6, STM32U073CBT6, STM32U073CBU6, STM32U073CCT6, STM32U073CCU6, STM32U073H8Y6TR, STM32U073HBY6TR, STM32U073HCY6TR, STM32U073K8U6, STM32U073KBU6, STM32U073KCU6, STM32U073M8I6, STM32U073M8T6, STM32U073MBI6, STM32U073MBT6, STM32U073MCI6, STM32U073MCT6, STM32U073R8I6, STM32U073R8T6, STM32U073RBI6, STM32U073RBT6, STM32U073RCI6, STM32U073RCT6, STM32U083C-DK, STM32U083CCT6, STM32U083CCU6, STM32U083HCY6TR, STM32U083KCU6, STM32U083MCI6, STM32U083MCT6, STM32U083RCI6, STM32U083RCT6, STM32U535CBT6, STM32U535CBT6Q, STM32U535CBU6, STM32U535CBU6Q, STM32U535CCT6, STM32U535CCT6Q, STM32U535CCU6, STM32U535CCU6Q, STM32U535CET6, STM32U535CET6Q, STM32U535CEU6, STM32U535CEU6Q, STM32U535JEY6QTR, STM32U535NCY6QTR, STM32U535NEY6QTR, STM32U535RBI6, STM32U535RBI6Q, STM32U535RBT6, STM32U535RBT6Q, STM32U535RCI6, STM32U535RCI6Q, STM32U535RCT6, STM32U535RCT6Q, STM32U535REI6, STM32U535REI6Q, STM32U535RET6, STM32U535RET6Q, STM32U535VCI6, STM32U535VCI6Q, STM32U535VCT6, STM32U535VCT6Q, STM32U535VEI6, STM32U535VEI6Q, STM32U535VET6, STM32U535VET6Q, STM32U545CET6, STM32U545CET6Q, STM32U545CEU6, STM32U545CEU6Q, STM32U545JEY6QTR, STM32U545NEY6QTR, STM32U545REI6, STM32U545REI6Q, STM32U545RET6, STM32U545RET6Q, STM32U545VEI6, STM32U545VEI6Q, STM32U545VET6, STM32U545VET6Q, STM32U595AIH6, STM32U595AIH6Q, STM32U595AJH6, STM32U595AJH6Q, STM32U595QII6, STM32U595QII6Q, STM32U595QJI6, STM32U595QJI6Q, STM32U595RIT6, STM32U595RIT6Q, STM32U595RJT6, STM32U595RJT6Q, STM32U595VIT6, STM32U595VIT6Q, STM32U595VJT6, STM32U595VJT6Q, STM32U595ZIT6, STM32U595ZIT6Q, STM32U595ZIY6QTR, STM32U595ZJT6, STM32U595ZJT6Q, STM32U595ZJY6QTR, STM32U599BJY6QTR, STM32U599NIH6Q, STM32U599NJH6Q, STM32U599VIT6Q, STM32U599VJT6, STM32U599VJT6Q, STM32U599ZIT6Q, STM32U599ZIY6QTR, STM32U599ZJT6Q, STM32U599ZJY6QTR, STM32U5A5AJH6, STM32U5A5AJH6Q, STM32U5A5QII3Q , STM32U5A5QJI6, STM32U5A5QJI6Q, STM32U5A5RJT6, STM32U5A5RJT6Q, STM32U5A5VJT6, STM32U5A5VJT6Q, STM32U5A5ZJT6, STM32U5A5ZJT6Q, STM32U5A5ZJY6QTR, STM32U5A9BJY6QTR, STM32U5A9J-DK, STM32U5A9NJH6Q, STM32U5A9VJT6Q, STM32U5A9ZJT6Q, STM32U5A9ZJY6QTR, STM32U5F7VIT6, STM32U5F7VIT6Q, STM32U5F7VJT6, STM32U5F7VJT6Q, STM32U5F9BJY6QTR, STM32U5F9NJH6Q, STM32U5F9VIT6Q, STM32U5F9VJT6Q, STM32U5F9ZIJ6QTR, STM32U5F9ZIT6Q, STM32U5F9ZJJ6QTR, STM32U5F9ZJT6Q, STM32U5G7VJT6, STM32U5G7VJT6Q, STM32U5G9BJY6QTR, STM32U5G9J-DK1, STM32U5G9J-DK2, STM32U5G9NJH6Q, STM32U5G9VJT6Q, STM32U5G9ZJJ6QTR, STM32U5G9ZJT6Q, STM32WB1MMCH6, STM32WBA50KEU6, STM32WBA50KEU6TR, STM32WBA50KGU6, STM32WBA50KGU6TR, STM32WBA52CEU6, STM32WBA52CEU6TR, STM32WBA52CEU7, STM32WBA52CEU7TR, STM32WBA52CGU6, STM32WBA52CGU6TR, STM32WBA52CGU6U, STM32WBA52CGU7, STM32WBA52CGU7TR, STM32WBA52KEU6, STM32WBA52KEU6TR, STM32WBA52KGU6, STM32WBA52KGU6TR, STM32WBA54CEU6, STM32WBA54CEU6TR, STM32WBA54CEU7, STM32WBA54CEU7TR, STM32WBA54CGU6, STM32WBA54CGU6TR, STM32WBA54CGU7, STM32WBA54CGU7TR, STM32WBA54KEU6, STM32WBA54KEU6TR, STM32WBA54KEU7, STM32WBA54KEU7TR, STM32WBA54KGU6, STM32WBA54KGU6TR, STM32WBA54KGU7, STM32WBA54KGU7TR, STM32WBA55CEU6, STM32WBA55CEU6TR, STM32WBA55CEU7, STM32WBA55CEU7TR, STM32WBA55CGU6, STM32WBA55CGU6TR, STM32WBA55CGU6U, STM32WBA55CGU7, STM32WBA55CGU7TR, STM32WBA55G-DK1, STM32WBA55HEF6, STM32WBA55HEF7, STM32WBA55HGF6, STM32WBA55HGF7, STM32WBA55UEI6, STM32WBA55UEI6TR, STM32WBA55UEI7, STM32WBA55UEI7TR, STM32WBA55UGI6, STM32WBA55UGI6TR, STM32WBA55UGI7, STM32WBA55UGI7TR, STM32WL5MOCH6, STM32WL5MOCH6TR]
2025-06-13 14:48:42,180 [INFO] DbMcus:218 - Found 4657 MCUs, 4657 are supported
2025-06-13 14:48:42,187 [INFO] ApiDb:423 - Load user favorites file C:\Users\PROGRAM/.stm32cubeide/favorites.mcus.txt: 1 item(s)
2025-06-13 14:48:42,187 [INFO] ApiDb:427 - User favorites MCUs=[STM32F407VGT6]
2025-06-13 14:48:42,187 [INFO] DbMcus:224 - Set 1 / 1 favorites MCUs
2025-06-13 14:48:42,694 [INFO] ApiDb:423 - Load user favorites file C:\Users\PROGRAM/.stm32cubeide/favorites.boards.txt: 1 item(s)
2025-06-13 14:48:42,694 [INFO] ApiDb:427 - User favorites Boards=[STM32F407G-DISC1]
2025-06-13 14:48:42,694 [INFO] DbBoards:198 - Set 1 / 1 favorites Boards
2025-06-13 14:48:42,779 [INFO] UtilMem:75 - End LoadConfig() Used Memory: 925077776 Bytes (1073741824)
2025-06-13 14:48:43,009 [WARN] ThirdParty:833 - waiting for thirdparty lock release [change project]
2025-06-13 14:48:43,009 [INFO] ThirdParty:835 - entering critical section [change project]
2025-06-13 14:48:43,009 [INFO] ThirdParty:1030 - CMSIS Pack Vendor :STMicroelectronics USBPD 4.1
2025-06-13 14:48:43,009 [INFO] ThirdParty:1030 - CMSIS Pack Vendor :STMicroelectronics X-CUBE-AZRTOS-H7 3.3.0
2025-06-13 14:48:43,010 [INFO] ThirdParty:1030 - CMSIS Pack Vendor :STMicroelectronics X-CUBE-NFC9 1.0.0
2025-06-13 14:48:43,010 [INFO] ThirdParty:1030 - CMSIS Pack Vendor :STMicroelectronics USB_HOST 2.0.0
2025-06-13 14:48:43,010 [INFO] ThirdParty:1030 - CMSIS Pack Vendor :STMicroelectronics FP-SNS-MOTENVWB1 1.4.0
2025-06-13 14:48:43,010 [INFO] ThirdParty:1030 - CMSIS Pack Vendor :STMicroelectronics X-CUBE-AZRTOS-F4 1.1.0
2025-06-13 14:48:43,010 [INFO] ThirdParty:1030 - CMSIS Pack Vendor :STMicroelectronics LIBJPEG 8.0.0
2025-06-13 14:48:43,010 [INFO] ThirdParty:1030 - CMSIS Pack Vendor :STMicroelectronics FP-ATR-ASTRA1 2.0.2
2025-06-13 14:48:43,010 [INFO] ThirdParty:1030 - CMSIS Pack Vendor :STMicroelectronics FP-ATR-ASTRA1 2.0.1
2025-06-13 14:48:43,010 [INFO] ThirdParty:1030 - CMSIS Pack Vendor :STMicroelectronics X-CUBE-BLE1 7.1.0
2025-06-13 14:48:43,010 [INFO] ThirdParty:1030 - CMSIS Pack Vendor :STMicroelectronics X-CUBE-SMBUS 2.1.0
2025-06-13 14:48:43,010 [INFO] ThirdParty:1030 - CMSIS Pack Vendor :STMicroelectronics X-CUBE-WB05N 1.1.0
2025-06-13 14:48:43,010 [INFO] ThirdParty:1030 - CMSIS Pack Vendor :STMicroelectronics USB_DEVICE 3.0.0
2025-06-13 14:48:43,010 [INFO] ThirdParty:1030 - CMSIS Pack Vendor :STMicroelectronics X-CUBE-TCPP 4.1.0
2025-06-13 14:48:43,010 [INFO] ThirdParty:1030 - CMSIS Pack Vendor :STMicroelectronics X-CUBE-ISPU 2.1.0
2025-06-13 14:48:43,010 [INFO] ThirdParty:1030 - CMSIS Pack Vendor :STMicroelectronics X-CUBE-FREERTOS 1.2.0
2025-06-13 14:48:43,011 [INFO] ThirdParty:1030 - CMSIS Pack Vendor :STMicroelectronics X-CUBE-IPS 3.0.0
2025-06-13 14:48:43,011 [INFO] ThirdParty:1030 - CMSIS Pack Vendor :STMicroelectronics X-CUBE-AZRTOS-WB 2.0.0
2025-06-13 14:48:43,011 [INFO] ThirdParty:1030 - CMSIS Pack Vendor :STMicroelectronics X-CUBE-GNSS1 7.0.0
2025-06-13 14:48:43,011 [INFO] ThirdParty:1030 - CMSIS Pack Vendor :STMicroelectronics X-CUBE-GNSS1 7.0.1
2025-06-13 14:48:43,011 [INFO] ThirdParty:1030 - CMSIS Pack Vendor :STMicroelectronics X-CUBE-AZRTOS-F7 1.1.0
2025-06-13 14:48:43,011 [INFO] ThirdParty:1030 - CMSIS Pack Vendor :STMicroelectronics X-CUBE-AZRTOS-L5 2.0.0
2025-06-13 14:48:43,011 [INFO] ThirdParty:1030 - CMSIS Pack Vendor :STMicroelectronics X-CUBE-TOUCHGFX 4.25.0
2025-06-13 14:48:43,011 [INFO] ThirdParty:1030 - CMSIS Pack Vendor :STMicroelectronics USB_DEVICE 2.0.0
2025-06-13 14:48:43,012 [INFO] ThirdParty:1030 - CMSIS Pack Vendor :STMicroelectronics X-CUBE-NFC6 3.1.0
2025-06-13 14:48:43,012 [INFO] ThirdParty:1030 - CMSIS Pack Vendor :STMicroelectronics X-CUBE-AI 10.1.0
2025-06-13 14:48:43,012 [INFO] ThirdParty:1030 - CMSIS Pack Vendor :STMicroelectronics FP-SNS-STBOX1 2.0.0
2025-06-13 14:48:43,012 [INFO] ThirdParty:1030 - CMSIS Pack Vendor :STMicroelectronics X-CUBE-MEMS1 11.0.0
2025-06-13 14:48:43,013 [INFO] ThirdParty:1030 - CMSIS Pack Vendor :STMicroelectronics X-CUBE-MEMS1 11.2.0
2025-06-13 14:48:43,013 [INFO] ThirdParty:1030 - CMSIS Pack Vendor :STMicroelectronics FreeRTOS 0.0.1
2025-06-13 14:48:43,013 [INFO] ThirdParty:1030 - CMSIS Pack Vendor :STMicroelectronics X-CUBE-AZRTOS-G0 1.1.0
2025-06-13 14:48:43,013 [INFO] ThirdParty:1030 - CMSIS Pack Vendor :STMicroelectronics X-CUBE-SAFEA1 1.2.2
2025-06-13 14:48:43,013 [INFO] ThirdParty:1030 - CMSIS Pack Vendor :STMicroelectronics X-CUBE-NFC4 3.0.0
2025-06-13 14:48:43,013 [INFO] ThirdParty:1030 - CMSIS Pack Vendor :STMicroelectronics X-CUBE-DPower 1.2.0
2025-06-13 14:48:43,013 [INFO] ThirdParty:1030 - CMSIS Pack Vendor :STMicroelectronics X-CUBE-SUBG2 5.0.0
2025-06-13 14:48:43,014 [INFO] ThirdParty:1030 - CMSIS Pack Vendor :STMicroelectronics X-CUBE-AZRTOS-H7RS 1.1.0
2025-06-13 14:48:43,014 [INFO] ThirdParty:1030 - CMSIS Pack Vendor :STMicroelectronics STM32_WPAN 1.0.0
2025-06-13 14:48:43,014 [INFO] ThirdParty:1030 - CMSIS Pack Vendor :EmbeddedOffice I-CUBE-FS-RTOS 1.0.1
2025-06-13 14:48:43,014 [INFO] ThirdParty:1030 - CMSIS Pack Vendor :STMicroelectronics lwIP 2.0.3
2025-06-13 14:48:43,014 [INFO] ThirdParty:1030 - CMSIS Pack Vendor :STMicroelectronics FP-SNS-FLIGHT1 5.0.2
2025-06-13 14:48:43,014 [INFO] ThirdParty:1030 - CMSIS Pack Vendor :Cesanta I-CUBE-Mongoose 7.13.0
2025-06-13 14:48:43,014 [INFO] ThirdParty:1030 - CMSIS Pack Vendor :STMicroelectronics USB_HOST 1.0.0
2025-06-13 14:48:43,014 [INFO] ThirdParty:1030 - CMSIS Pack Vendor :STMicroelectronics X-CUBE-AZRTOS-G4 2.0.0
2025-06-13 14:48:43,014 [INFO] ThirdParty:1030 - CMSIS Pack Vendor :STMicroelectronics X-CUBE-WB05N 2.0.0
2025-06-13 14:48:43,014 [INFO] ThirdParty:1030 - CMSIS Pack Vendor :STMicroelectronics PDM2PCM 3.1.0
2025-06-13 14:48:43,014 [INFO] ThirdParty:1030 - CMSIS Pack Vendor :STMicroelectronics PDM2PCM 3.3.0
2025-06-13 14:48:43,014 [INFO] ThirdParty:1030 - CMSIS Pack Vendor :STMicroelectronics X-CUBE-DISPLAY 3.0.0
2025-06-13 14:48:43,014 [INFO] ThirdParty:1030 - CMSIS Pack Vendor :STMicroelectronics X-CUBE-NFC7 2.0.0
2025-06-13 14:48:43,014 [INFO] ThirdParty:1030 - CMSIS Pack Vendor :RealThread X-CUBE-RT-Thread_Nano 4.1.1
2025-06-13 14:48:43,015 [INFO] ThirdParty:1030 - CMSIS Pack Vendor :STMicroelectronics X-CUBE-BLE1 7.0.0
2025-06-13 14:48:43,015 [INFO] ThirdParty:1030 - CMSIS Pack Vendor :STMicroelectronics FP-ATR-SIGFOX1 3.2.0
2025-06-13 14:48:43,015 [INFO] ThirdParty:1030 - CMSIS Pack Vendor :STMicroelectronics X-CUBE-NFC10 1.0.0
2025-06-13 14:48:43,015 [INFO] ThirdParty:1030 - CMSIS Pack Vendor :wolfSSL I-CUBE-wolfSSL 5.7.2
2025-06-13 14:48:43,015 [INFO] ThirdParty:1030 - CMSIS Pack Vendor :quantropi X-CUBE-qispace-sdk-base 1.9.3
2025-06-13 14:48:43,015 [INFO] ThirdParty:1030 - CMSIS Pack Vendor :STMicroelectronics X-CUBE-BLEMGR 4.0.0
2025-06-13 14:48:43,015 [INFO] ThirdParty:1030 - CMSIS Pack Vendor :STMicroelectronics X-CUBE-EEPRMA1 5.1.0
2025-06-13 14:48:43,015 [INFO] ThirdParty:1030 - CMSIS Pack Vendor :STMicroelectronics X-CUBE-FREERTOS 1.3.1
2025-06-13 14:48:43,015 [INFO] ThirdParty:1030 - CMSIS Pack Vendor :STMicroelectronics HAL Drivers 0.0.0
2025-06-13 14:48:43,015 [INFO] ThirdParty:1030 - CMSIS Pack Vendor :STMicroelectronics MBEDTLS 2.16.2
2025-06-13 14:48:43,015 [INFO] ThirdParty:1030 - CMSIS Pack Vendor :STMicroelectronics X-CUBE-ALS 1.0.2
2025-06-13 14:48:43,015 [INFO] ThirdParty:1030 - CMSIS Pack Vendor :emotas I-CUBE-CANOPEN 1.3.0
2025-06-13 14:48:43,015 [INFO] ThirdParty:1030 - CMSIS Pack Vendor :STMicroelectronics X-CUBE-FREERTOS 1.3.0
2025-06-13 14:48:43,015 [INFO] ThirdParty:1030 - CMSIS Pack Vendor :STMicroelectronics X-CUBE-NFC7 1.0.1
2025-06-13 14:48:43,016 [INFO] ThirdParty:1030 - CMSIS Pack Vendor :STMicroelectronics MBEDTLS 2.14.1
2025-06-13 14:48:43,016 [INFO] ThirdParty:1030 - CMSIS Pack Vendor :ITTIA_DB I-CUBE-ITTIADB 8.9.0
2025-06-13 14:48:43,016 [INFO] ThirdParty:1030 - CMSIS Pack Vendor :STMicroelectronics X-CUBE-TOUCHGFX 4.24.2
2025-06-13 14:48:43,016 [INFO] ThirdParty:1030 - CMSIS Pack Vendor :STMicroelectronics X-CUBE-TOUCHGFX 4.24.1
2025-06-13 14:48:43,016 [INFO] ThirdParty:1030 - CMSIS Pack Vendor :wolfSSL I-CUBE-wolfTPM 3.4.0
2025-06-13 14:48:43,016 [INFO] ThirdParty:1030 - CMSIS Pack Vendor :portGmbH I-Cube-SoM-uGOAL 1.1.0
2025-06-13 14:48:43,016 [INFO] ThirdParty:1030 - CMSIS Pack Vendor :STMicroelectronics X-CUBE-BLEMGR 3.1.0
2025-06-13 14:48:43,016 [INFO] ThirdParty:1030 - CMSIS Pack Vendor :STMicroelectronics X-CUBE-AI 10.0.0
2025-06-13 14:48:43,016 [INFO] ThirdParty:1030 - CMSIS Pack Vendor :STMicroelectronics ThreadX 1.0.0
2025-06-13 14:48:43,016 [INFO] ThirdParty:1030 - CMSIS Pack Vendor :STMicroelectronics FP-SNS-SMARTAG2 1.2.0
2025-06-13 14:48:43,016 [INFO] ThirdParty:1030 - CMSIS Pack Vendor :STMicroelectronics X-CUBE-MEMS1 11.1.0
2025-06-13 14:48:43,016 [INFO] ThirdParty:1030 - CMSIS Pack Vendor :STMicroelectronics X-CUBE-AZRTOS-WL 2.0.0
2025-06-13 14:48:43,016 [INFO] ThirdParty:1030 - CMSIS Pack Vendor :SEGGER I-CUBE-embOS 1.3.1
2025-06-13 14:48:43,016 [INFO] ThirdParty:1030 - CMSIS Pack Vendor :STMicroelectronics X-CUBE-ALGOBUILD 1.4.0
2025-06-13 14:48:43,016 [INFO] ThirdParty:1030 - CMSIS Pack Vendor :STMicroelectronics X-CUBE-DPower 1.3.0
2025-06-13 14:48:43,017 [INFO] ThirdParty:1030 - CMSIS Pack Vendor :STMicroelectronics X-CUBE-MEMS1 11.3.0
2025-06-13 14:48:43,017 [INFO] ThirdParty:1030 - CMSIS Pack Vendor :STMicroelectronics FP-SNS-MOTENV1 5.0.0
2025-06-13 14:48:43,017 [INFO] ThirdParty:1030 - CMSIS Pack Vendor :STMicroelectronics USB_DEVICE 1.0.0
2025-06-13 14:48:43,017 [INFO] ThirdParty:1030 - CMSIS Pack Vendor :STMicroelectronics X-CUBE-AZRTOS-H7RS 1.0.0
2025-06-13 14:48:43,017 [INFO] ThirdParty:1030 - CMSIS Pack Vendor :wolfSSL I-CUBE-wolfMQTT 1.19.0
2025-06-13 14:48:43,017 [INFO] ThirdParty:1030 - CMSIS Pack Vendor :STMicroelectronics X-CUBE-AZRTOS-L4 2.0.0
2025-06-13 14:48:43,017 [INFO] ThirdParty:1030 - CMSIS Pack Vendor :STMicroelectronics ThreadX 0.0.2
2025-06-13 14:48:43,017 [INFO] ThirdParty:1030 - CMSIS Pack Vendor :WES I-CUBE-Cesium 1.3.0
2025-06-13 14:48:43,017 [INFO] ThirdParty:1030 - CMSIS Pack Vendor :STMicroelectronics FP-ATR-ASTRA1 2.0.0
2025-06-13 14:48:43,017 [INFO] ThirdParty:1030 - CMSIS Pack Vendor :STMicroelectronics lwIP 2.1.2
2025-06-13 14:48:43,017 [INFO] ThirdParty:1030 - CMSIS Pack Vendor :STMicroelectronics X-CUBE-SFXS2LP1 4.0.0
2025-06-13 14:48:43,017 [INFO] ThirdParty:1030 - CMSIS Pack Vendor :STMicroelectronics X-CUBE-BLE2 3.3.0
2025-06-13 14:48:43,017 [INFO] ThirdParty:1030 - CMSIS Pack Vendor :STMicroelectronics X-CUBE-TOF1 3.4.2
2025-06-13 14:48:43,017 [INFO] ThirdParty:1030 - CMSIS Pack Vendor :STMicroelectronics X-CUBE-AI 9.1.0
2025-06-13 14:48:43,017 [INFO] ThirdParty:1030 - CMSIS Pack Vendor :Infineon AIROC-Wi-Fi-Bluetooth-STM32 1.6.1
2025-06-13 14:48:43,017 [INFO] ThirdParty:1030 - CMSIS Pack Vendor :STMicroelectronics PDM2PCM 3.2.0
2025-06-13 14:48:43,017 [INFO] ThirdParty:1030 - CMSIS Pack Vendor :wolfSSL I-CUBE-wolfSSH 1.4.17
2025-06-13 14:48:43,018 [INFO] ThirdParty:841 - exiting critical section [change project]
2025-06-13 14:48:43,818 [INFO] PinOutPanel:1561 - setPackage(No Configuration,No Configuration)
2025-06-13 14:48:43,822 [INFO] PinOutPanel:1561 - setPackage(STM32F407VGTx,LQFP100)
2025-06-13 14:48:44,510 [INFO] UtilMem:75 - Before build in PCC Used Memory: 852921456 Bytes (1073741824)
2025-06-13 14:48:46,011 [INFO] UtilMem:75 - After build in PCC Used Memory: 920552768 Bytes (1073741824)
2025-06-13 14:48:46,297 [INFO] ApiDbMcu:508 - Load IP Config File for FATFS
2025-06-13 14:48:46,370 [INFO] IPUIPlugin:80 - create IPUIPlugin
2025-06-13 14:48:46,370 [INFO] IPUIPlugin:80 - create IPUIPlugin
2025-06-13 14:48:46,371 [INFO] IPUIPlugin:80 - create IPUIPlugin
2025-06-13 14:48:46,371 [INFO] IPUIPlugin:80 - create IPUIPlugin
2025-06-13 14:48:46,371 [INFO] IPUIPlugin:80 - create IPUIPlugin
2025-06-13 14:48:46,371 [INFO] IPUIPlugin:80 - create IPUIPlugin
2025-06-13 14:48:46,371 [INFO] IPUIPlugin:80 - create IPUIPlugin
2025-06-13 14:48:46,371 [INFO] IPUIPlugin:80 - create IPUIPlugin
2025-06-13 14:48:46,371 [INFO] IPUIPlugin:80 - create IPUIPlugin
2025-06-13 14:48:46,372 [INFO] IPUIPlugin:80 - create IPUIPlugin
2025-06-13 14:48:46,372 [INFO] IPUIPlugin:80 - create IPUIPlugin
2025-06-13 14:48:46,372 [INFO] IPUIPlugin:80 - create IPUIPlugin
2025-06-13 14:48:46,372 [INFO] IPUIPlugin:80 - create IPUIPlugin
2025-06-13 14:48:46,372 [INFO] IPUIPlugin:80 - create IPUIPlugin
2025-06-13 14:48:46,372 [INFO] IPUIPlugin:80 - create IPUIPlugin
2025-06-13 14:48:46,372 [INFO] IPUIPlugin:80 - create IPUIPlugin
2025-06-13 14:48:46,372 [INFO] IPUIPlugin:80 - create IPUIPlugin
2025-06-13 14:48:46,373 [INFO] IPUIPlugin:80 - create IPUIPlugin
2025-06-13 14:48:46,373 [INFO] IPUIPlugin:80 - create IPUIPlugin
2025-06-13 14:48:46,373 [INFO] IPUIPlugin:80 - create IPUIPlugin
2025-06-13 14:48:46,373 [INFO] IPUIPlugin:80 - create IPUIPlugin
2025-06-13 14:48:46,373 [INFO] IPUIPlugin:80 - create IPUIPlugin
2025-06-13 14:48:46,374 [INFO] IPUIPlugin:80 - create IPUIPlugin
2025-06-13 14:48:46,374 [INFO] IPUIPlugin:80 - create IPUIPlugin
2025-06-13 14:48:46,374 [INFO] IPUIPlugin:80 - create IPUIPlugin
2025-06-13 14:48:46,374 [INFO] IPUIPlugin:80 - create IPUIPlugin
2025-06-13 14:48:46,374 [INFO] IPUIPlugin:80 - create IPUIPlugin
2025-06-13 14:48:46,375 [INFO] IPUIPlugin:80 - create IPUIPlugin
2025-06-13 14:48:46,375 [INFO] IPUIPlugin:80 - create IPUIPlugin
2025-06-13 14:48:46,375 [INFO] IPUIPlugin:80 - create IPUIPlugin
2025-06-13 14:48:46,375 [INFO] IPUIPlugin:80 - create IPUIPlugin
2025-06-13 14:48:46,376 [INFO] IPUIPlugin:80 - create IPUIPlugin
2025-06-13 14:48:46,376 [INFO] IPUIPlugin:80 - create IPUIPlugin
2025-06-13 14:48:46,376 [INFO] IPUIPlugin:80 - create IPUIPlugin
2025-06-13 14:48:46,376 [INFO] IPUIPlugin:80 - create IPUIPlugin
2025-06-13 14:48:46,377 [INFO] IPUIPlugin:80 - create IPUIPlugin
2025-06-13 14:48:46,377 [INFO] IPUIPlugin:80 - create IPUIPlugin
2025-06-13 14:48:46,377 [INFO] IPUIPlugin:80 - create IPUIPlugin
2025-06-13 14:48:46,378 [INFO] IPUIPlugin:80 - create IPUIPlugin
2025-06-13 14:48:46,378 [INFO] IPUIPlugin:80 - create IPUIPlugin
2025-06-13 14:48:46,378 [INFO] IPUIPlugin:80 - create IPUIPlugin
2025-06-13 14:48:46,378 [INFO] IPUIPlugin:80 - create IPUIPlugin
2025-06-13 14:48:46,379 [INFO] IPUIPlugin:80 - create IPUIPlugin
2025-06-13 14:48:46,379 [INFO] IPUIPlugin:80 - create IPUIPlugin
2025-06-13 14:48:46,379 [INFO] IPUIPlugin:80 - create IPUIPlugin
2025-06-13 14:48:46,380 [INFO] IPUIPlugin:80 - create IPUIPlugin
2025-06-13 14:48:46,380 [INFO] IPUIPlugin:80 - create IPUIPlugin
2025-06-13 14:48:46,380 [INFO] IPUIPlugin:80 - create IPUIPlugin
2025-06-13 14:48:46,381 [INFO] IPUIPlugin:80 - create IPUIPlugin
2025-06-13 14:48:46,381 [INFO] IPUIPlugin:80 - create IPUIPlugin
2025-06-13 14:48:46,382 [INFO] IPUIPlugin:80 - create IPUIPlugin
2025-06-13 14:48:46,382 [INFO] IPUIPlugin:80 - create IPUIPlugin
2025-06-13 14:48:46,382 [INFO] IPUIPlugin:80 - create IPUIPlugin
2025-06-13 14:48:46,383 [INFO] IPUIPlugin:80 - create IPUIPlugin
2025-06-13 14:48:46,383 [INFO] IPUIPlugin:80 - create IPUIPlugin
2025-06-13 14:48:46,384 [INFO] IPUIPlugin:80 - create IPUIPlugin
2025-06-13 14:48:46,385 [INFO] IPUIPlugin:80 - create IPUIPlugin
2025-06-13 14:48:46,385 [INFO] IPUIPlugin:80 - create IPUIPlugin
2025-06-13 14:48:46,459 [INFO] ApiDbMcu:508 - Load IP Config File for PDM2PCM
2025-06-13 14:48:46,971 [INFO] CADModel:165 - CPN selected for project levelSTM32F407VGT6
2025-06-13 14:48:46,972 [INFO] CADModel:114 - Register for checkConnection events
2025-06-13 14:48:47,043 [INFO] OpenFileManager:343 - Restore cursor
2025-06-13 15:03:01,299 [INFO] NvicIntPanel:101 - NVIC parent = com.st.microxplorer.plugins.ip.nvic.MultiNvicIntPanel[,0,0,516x284,layout=javax.swing.BoxLayout,alignmentX=0.0,alignmentY=0.0,border=,flags=9,maximumSize=,minimumSize=,preferredSize=]
2025-06-13 15:03:43,726 [INFO] NvicIntPanel:101 - NVIC parent = com.st.microxplorer.plugins.ip.nvic.MultiNvicIntPanel[,0,0,516x284,layout=javax.swing.BoxLayout,alignmentX=0.0,alignmentY=0.0,border=,flags=9,maximumSize=,minimumSize=,preferredSize=]
2025-06-13 15:03:47,577 [INFO] NvicIntPanel:101 - NVIC parent = com.st.microxplorer.plugins.ip.nvic.MultiNvicIntPanel[,0,0,0x0,invalid,layout=javax.swing.BoxLayout,alignmentX=0.0,alignmentY=0.0,border=,flags=9,maximumSize=,minimumSize=,preferredSize=]
2025-06-13 15:05:21,090 [INFO] Gpio:277 - dependency for GPIO [RCC, SDIO, SYS, USART1, USART2, USART3]
2025-06-13 15:05:35,694 [INFO] NvicIntPanel:101 - NVIC parent = com.st.microxplorer.plugins.ip.nvic.MultiNvicIntPanel[,2,28,703x667,layout=javax.swing.BoxLayout,alignmentX=0.0,alignmentY=0.0,border=,flags=9,maximumSize=,minimumSize=,preferredSize=]
2025-06-13 15:05:53,118 [INFO] NvicIntPanel:101 - NVIC parent = com.st.microxplorer.plugins.ip.nvic.MultiNvicIntPanel[,0,0,0x0,invalid,layout=javax.swing.BoxLayout,alignmentX=0.0,alignmentY=0.0,border=,flags=9,maximumSize=,minimumSize=,preferredSize=]
2025-06-13 15:11:08,602 [INFO] NvicIntPanel:101 - NVIC parent = com.st.microxplorer.plugins.ip.nvic.MultiNvicIntPanel[,0,0,703x368,layout=javax.swing.BoxLayout,alignmentX=0.0,alignmentY=0.0,border=,flags=9,maximumSize=,minimumSize=,preferredSize=]
2025-06-13 15:11:09,693 [INFO] NvicIntPanel:101 - NVIC parent = com.st.microxplorer.plugins.ip.nvic.MultiNvicIntPanel[,0,0,0x0,invalid,layout=javax.swing.BoxLayout,alignmentX=0.0,alignmentY=0.0,border=,flags=9,maximumSize=,minimumSize=,preferredSize=]
2025-06-13 15:29:48,844 [INFO] NvicIntPanel:101 - NVIC parent = com.st.microxplorer.plugins.ip.nvic.MultiNvicIntPanel[,0,0,703x368,layout=javax.swing.BoxLayout,alignmentX=0.0,alignmentY=0.0,border=,flags=9,maximumSize=,minimumSize=,preferredSize=]
2025-06-13 15:29:50,514 [INFO] NvicIntPanel:101 - NVIC parent = com.st.microxplorer.plugins.ip.nvic.MultiNvicIntPanel[,0,0,0x0,invalid,layout=javax.swing.BoxLayout,alignmentX=0.0,alignmentY=0.0,border=,flags=9,maximumSize=,minimumSize=,preferredSize=]
2025-06-13 15:30:51,433 [INFO] NvicIntPanel:101 - NVIC parent = com.st.microxplorer.plugins.ip.nvic.MultiNvicIntPanel[,0,0,0x0,invalid,layout=javax.swing.BoxLayout,alignmentX=0.0,alignmentY=0.0,border=,flags=9,maximumSize=,minimumSize=,preferredSize=]
2025-06-13 15:30:51,514 [INFO] NvicIntPanel:101 - NVIC parent = com.st.microxplorer.plugins.ip.nvic.MultiNvicIntPanel[,0,0,0x0,invalid,layout=javax.swing.BoxLayout,alignmentX=0.0,alignmentY=0.0,border=,flags=9,maximumSize=,minimumSize=,preferredSize=]
2025-06-13 15:30:51,596 [INFO] NvicIntPanel:101 - NVIC parent = com.st.microxplorer.plugins.ip.nvic.MultiNvicIntPanel[,0,0,0x0,invalid,layout=javax.swing.BoxLayout,alignmentX=0.0,alignmentY=0.0,border=,flags=9,maximumSize=,minimumSize=,preferredSize=]
2025-06-13 15:30:53,642 [INFO] UtilMem:75 - End SaveConfig() Used Memory: 711585608 Bytes (1073741824)
2025-06-13 15:30:55,850 [INFO] UtilMem:75 - End SaveConfig() Used Memory: 748285768 Bytes (1073741824)
2025-06-13 15:30:59,255 [INFO] UtilMem:75 - End SaveConfig() Used Memory: 853143368 Bytes (1073741824)
2025-06-13 15:30:59,976 [INFO] ProjectBuilder:2326 - IP not ready for code generation: FATFS
2025-06-13 15:31:02,657 [INFO] BlockDiagram:2759 - set Specific Code input for plugin: SDIO
2025-06-13 15:31:02,658 [INFO] BlockDiagram:2759 - set Specific Code input for plugin: TIM6_7
2025-06-13 15:31:02,658 [INFO] BlockDiagram:2759 - set Specific Code input for plugin: SYS
2025-06-13 15:31:02,658 [INFO] BlockDiagram:2759 - set Specific Code input for plugin: RCC
2025-06-13 15:31:02,658 [INFO] BlockDiagram:2759 - set Specific Code input for plugin: RTC
2025-06-13 15:31:02,658 [INFO] BlockDiagram:2759 - set Specific Code input for plugin: NVIC
2025-06-13 15:31:02,658 [INFO] BlockDiagram:2759 - set Specific Code input for plugin: USART
2025-06-13 15:31:02,658 [INFO] BlockDiagram:2759 - set Specific Code input for plugin: USART
2025-06-13 15:31:02,658 [INFO] BlockDiagram:2759 - set Specific Code input for plugin: USART
2025-06-13 15:31:02,659 [INFO] BlockDiagram:2759 - set Specific Code input for plugin: GPIO
2025-06-13 15:31:02,659 [INFO] BlockDiagram:2759 - set Specific Code input for plugin: FATFS
2025-06-13 15:31:02,661 [INFO] CodeGenerator:807 - code generatio: config db path: C:\ST\STM32CubeIDE_1.15.1\STM32CubeIDE\plugins\com.st.stm32cube.common.mx_6.11.1.202404110753\\db\
2025-06-13 15:31:02,892 [INFO] CodeEngine:255 - oldGeneratedFile, D:\WORK\AM_KIT_2\AM_KIT_2\MXTmpFiles\license.tmp_save
2025-06-13 15:31:03,537 [INFO] CodeEngine:279 - Generated code: D:\WORK\AM_KIT_2\AM_KIT_2\MXTmpFiles\license.tmp
2025-06-13 15:31:04,164 [INFO] CodeEngine:255 - oldGeneratedFile, D:\WORK\AM_KIT_2\AM_KIT_2\MXTmpFiles\gpio.tmp_save
2025-06-13 15:31:04,374 [INFO] CodeEngine:279 - Generated code: D:\WORK\AM_KIT_2\AM_KIT_2\MXTmpFiles\gpio.tmp
2025-06-13 15:31:05,092 [INFO] Middleware:1439 - No code input for Bsp Dependency
2025-06-13 15:31:05,110 [INFO] CodeEngine:255 - oldGeneratedFile, D:\WORK\AM_KIT_2\AM_KIT_2\MXTmpFiles\fatfs_HalInit.tmp_save
2025-06-13 15:31:05,236 [INFO] CodeEngine:279 - Generated code: D:\WORK\AM_KIT_2\AM_KIT_2\MXTmpFiles\fatfs_HalInit.tmp
2025-06-13 15:31:05,254 [INFO] CodeEngine:255 - oldGeneratedFile, D:\WORK\AM_KIT_2\AM_KIT_2\MXTmpFiles\fatfs_vars.tmp_save
2025-06-13 15:31:05,375 [INFO] CodeEngine:279 - Generated code: D:\WORK\AM_KIT_2\AM_KIT_2\MXTmpFiles\fatfs_vars.tmp
2025-06-13 15:31:05,395 [INFO] CodeEngine:255 - oldGeneratedFile, D:\WORK\AM_KIT_2\AM_KIT_2\MXTmpFiles\fatfs_ext_vars.tmp_save
2025-06-13 15:31:05,520 [INFO] CodeEngine:279 - Generated code: D:\WORK\AM_KIT_2\AM_KIT_2\MXTmpFiles\fatfs_ext_vars.tmp
2025-06-13 15:31:05,539 [INFO] CodeEngine:255 - oldGeneratedFile, D:\WORK\AM_KIT_2\AM_KIT_2\MXTmpFiles\fatfs_inc.tmp_save
2025-06-13 15:31:05,707 [INFO] CodeEngine:279 - Generated code: D:\WORK\AM_KIT_2\AM_KIT_2\MXTmpFiles\fatfs_inc.tmp
2025-06-13 15:31:05,722 [INFO] Middleware:1439 - No code input for Bsp Dependency
2025-06-13 15:31:05,749 [INFO] CodeEngine:255 - oldGeneratedFile, D:\WORK\AM_KIT_2\AM_KIT_2\MXTmpFiles\fatfs_HalInit.tmp_save
2025-06-13 15:31:05,923 [INFO] CodeEngine:279 - Generated code: D:\WORK\AM_KIT_2\AM_KIT_2\MXTmpFiles\fatfs_HalInit.tmp
2025-06-13 15:31:05,943 [INFO] CodeEngine:255 - oldGeneratedFile, D:\WORK\AM_KIT_2\AM_KIT_2\MXTmpFiles\fatfs_vars.tmp_save
2025-06-13 15:31:06,083 [INFO] CodeEngine:279 - Generated code: D:\WORK\AM_KIT_2\AM_KIT_2\MXTmpFiles\fatfs_vars.tmp
2025-06-13 15:31:06,102 [INFO] CodeEngine:255 - oldGeneratedFile, D:\WORK\AM_KIT_2\AM_KIT_2\MXTmpFiles\fatfs_ext_vars.tmp_save
2025-06-13 15:31:06,220 [INFO] CodeEngine:279 - Generated code: D:\WORK\AM_KIT_2\AM_KIT_2\MXTmpFiles\fatfs_ext_vars.tmp
2025-06-13 15:31:06,236 [INFO] CodeEngine:255 - oldGeneratedFile, D:\WORK\AM_KIT_2\AM_KIT_2\MXTmpFiles\fatfs_inc.tmp_save
2025-06-13 15:31:06,337 [INFO] CodeEngine:279 - Generated code: D:\WORK\AM_KIT_2\AM_KIT_2\MXTmpFiles\fatfs_inc.tmp
2025-06-13 15:31:06,372 [INFO] CodeEngine:255 - oldGeneratedFile, D:\WORK\AM_KIT_2\AM_KIT_2\FATFS\Target\ffconf.h_save
2025-06-13 15:31:06,610 [INFO] CodeEngine:279 - Generated code: D:\WORK\AM_KIT_2\AM_KIT_2\FATFS\Target\ffconf.h
2025-06-13 15:31:06,644 [INFO] CodeEngine:255 - oldGeneratedFile, D:\WORK\AM_KIT_2\AM_KIT_2\FATFS\Target\bsp_driver_sd.c_save
2025-06-13 15:31:06,758 [INFO] CodeEngine:279 - Generated code: D:\WORK\AM_KIT_2\AM_KIT_2\FATFS\Target\bsp_driver_sd.c
2025-06-13 15:31:06,781 [INFO] CodeEngine:255 - oldGeneratedFile, D:\WORK\AM_KIT_2\AM_KIT_2\FATFS\Target\bsp_driver_sd.h_save
2025-06-13 15:31:06,873 [INFO] CodeEngine:279 - Generated code: D:\WORK\AM_KIT_2\AM_KIT_2\FATFS\Target\bsp_driver_sd.h
2025-06-13 15:31:06,891 [INFO] CodeEngine:255 - oldGeneratedFile, D:\WORK\AM_KIT_2\AM_KIT_2\FATFS\Target\sd_diskio.h_save
2025-06-13 15:31:06,975 [INFO] CodeEngine:279 - Generated code: D:\WORK\AM_KIT_2\AM_KIT_2\FATFS\Target\sd_diskio.h
2025-06-13 15:31:06,998 [INFO] CodeEngine:255 - oldGeneratedFile, D:\WORK\AM_KIT_2\AM_KIT_2\FATFS\Target\sd_diskio.c_save
2025-06-13 15:31:07,190 [INFO] CodeEngine:279 - Generated code: D:\WORK\AM_KIT_2\AM_KIT_2\FATFS\Target\sd_diskio.c
2025-06-13 15:31:07,219 [INFO] CodeEngine:255 - oldGeneratedFile, D:\WORK\AM_KIT_2\AM_KIT_2\FATFS\App\fatfs.c_save
2025-06-13 15:31:07,347 [INFO] CodeEngine:279 - Generated code: D:\WORK\AM_KIT_2\AM_KIT_2\FATFS\App\fatfs.c
2025-06-13 15:31:07,366 [INFO] CodeEngine:255 - oldGeneratedFile, D:\WORK\AM_KIT_2\AM_KIT_2\FATFS\App\fatfs.h_save
2025-06-13 15:31:07,474 [INFO] CodeEngine:279 - Generated code: D:\WORK\AM_KIT_2\AM_KIT_2\FATFS\App\fatfs.h
2025-06-13 15:31:07,526 [INFO] CodeEngine:255 - oldGeneratedFile, D:\WORK\AM_KIT_2\AM_KIT_2\Core\Src\stm32f4xx_it.c_save
2025-06-13 15:31:07,717 [INFO] CodeEngine:279 - Generated code: D:\WORK\AM_KIT_2\AM_KIT_2\Core\Src\stm32f4xx_it.c
2025-06-13 15:31:07,738 [INFO] CodeEngine:255 - oldGeneratedFile, D:\WORK\AM_KIT_2\AM_KIT_2\Core\Inc\stm32f4xx_it.h_save
2025-06-13 15:31:07,852 [INFO] CodeEngine:279 - Generated code: D:\WORK\AM_KIT_2\AM_KIT_2\Core\Inc\stm32f4xx_it.h
2025-06-13 15:31:07,900 [INFO] CodeEngine:255 - oldGeneratedFile, D:\WORK\AM_KIT_2\AM_KIT_2\Core\Src\stm32f4xx_hal_msp.c_save
2025-06-13 15:31:08,143 [INFO] CodeEngine:279 - Generated code: D:\WORK\AM_KIT_2\AM_KIT_2\Core\Src\stm32f4xx_hal_msp.c
2025-06-13 15:31:08,170 [INFO] CodeEngine:255 - oldGeneratedFile, D:\WORK\AM_KIT_2\AM_KIT_2\MXTmpFiles\system.tmp_save
2025-06-13 15:31:08,256 [INFO] CodeEngine:279 - Generated code: D:\WORK\AM_KIT_2\AM_KIT_2\MXTmpFiles\system.tmp
2025-06-13 15:31:08,283 [INFO] CodeEngine:311 - oldGeneratedFile, D:\WORK\AM_KIT_2\AM_KIT_2\Core\Inc\stm32f4xx_hal_conf.h_save
2025-06-13 15:31:08,411 [INFO] CodeEngine:335 - Generated code: D:\WORK\AM_KIT_2\AM_KIT_2\Core\Inc\stm32f4xx_hal_conf.h
2025-06-13 15:31:08,474 [WARN] IPConfigManager:3513 - IP not found : TIM
2025-06-13 15:31:08,478 [WARN] CodeGenerator:3951 - IP not found : null
2025-06-13 15:31:08,514 [INFO] CodeEngine:255 - oldGeneratedFile, D:\WORK\AM_KIT_2\AM_KIT_2\Core\Inc\main.h_save
2025-06-13 15:31:08,662 [INFO] CodeEngine:279 - Generated code: D:\WORK\AM_KIT_2\AM_KIT_2\Core\Inc\main.h
2025-06-13 15:31:08,716 [INFO] CodeEngine:255 - oldGeneratedFile, D:\WORK\AM_KIT_2\AM_KIT_2\Core\Src\main.c_save
2025-06-13 15:31:09,022 [INFO] CodeEngine:279 - Generated code: D:\WORK\AM_KIT_2\AM_KIT_2\Core\Src\main.c
2025-06-13 15:31:10,421 [INFO] ProjectBuilder:3163 - Time for Copy HAL[1] : 1063mS.
2025-06-13 15:31:10,434 [INFO] ProjectBuilder:4736 - Project Generator version: 4.3.0-B58
2025-06-13 15:31:10,531 [INFO] ConfigFileManager:1503 - The Die is : DIE413
2025-06-13 15:31:10,552 [INFO] ApiDbMcu:508 - Load IP Config File for FREERTOS
2025-06-13 15:31:10,565 [INFO] ApiDbMcu:508 - Load IP Config File for LIBJPEG
2025-06-13 15:31:10,586 [INFO] ApiDbMcu:508 - Load IP Config File for LWIP
2025-06-13 15:31:10,617 [INFO] ApiDbMcu:508 - Load IP Config File for MBEDTLS
2025-06-13 15:31:10,639 [INFO] ApiDbMcu:508 - Load IP Config File for USB_DEVICE
2025-06-13 15:31:10,660 [INFO] ApiDbMcu:508 - Load IP Config File for USB_HOST
2025-06-13 15:31:11,548 [INFO] LogOutputStream:77 - [STDOUT_REDIRECT] 
2025-06-13 15:31:16,473 [INFO] ProjectBuilder:5002 - Time for Generating toolchain IDE Files: 6038mS.
2025-06-13 15:31:16,475 [INFO] ProjectBuilder:3034 - Time for Copy CMSIS : 1mS.
2025-06-13 15:31:16,485 [INFO] ProjectBuilder:3034 - Time for Copy CMSIS : 0mS.
2025-06-13 18:00:58,426 [INFO] NvicIntPanel:101 - NVIC parent = com.st.microxplorer.plugins.ip.nvic.MultiNvicIntPanel[,0,0,0x0,invalid,layout=javax.swing.BoxLayout,alignmentX=0.0,alignmentY=0.0,border=,flags=9,maximumSize=,minimumSize=,preferredSize=]
2025-06-13 18:00:58,558 [INFO] NvicIntPanel:101 - NVIC parent = com.st.microxplorer.plugins.ip.nvic.MultiNvicIntPanel[,0,0,0x0,invalid,layout=javax.swing.BoxLayout,alignmentX=0.0,alignmentY=0.0,border=,flags=9,maximumSize=,minimumSize=,preferredSize=]
2025-06-13 18:00:58,673 [INFO] NvicIntPanel:101 - NVIC parent = com.st.microxplorer.plugins.ip.nvic.MultiNvicIntPanel[,0,0,0x0,invalid,layout=javax.swing.BoxLayout,alignmentX=0.0,alignmentY=0.0,border=,flags=9,maximumSize=,minimumSize=,preferredSize=]
